#
# A fatal error has been detected by the Java Runtime Environment:
#
#  Internal Error (safepoint.cpp:712), pid=4280, tid=0x0000000000005c0f
#  fatal error: Illegal threadstate encountered: 4
#
# JRE version: Java(TM) SE Runtime Environment (8.0_172-b11) (build 1.8.0_172-b11)
# Java VM: Java HotSpot(TM) 64-Bit Server VM (25.172-b11 mixed mode bsd-amd64 compressed oops)
# Failed to write core dump. Core dumps have been disabled. To enable core dumping, try "ulimit -c unlimited" before starting Java again
#
# If you would like to submit a bug report, please visit:
#   http://bugreport.java.com/bugreport/crash.jsp
# The crash happened outside the Java Virtual Machine in native code.
# See problematic frame for where to report the bug.
#

---------------  T H R E A D  ---------------

Current thread (0x00007ff67f0e2800):  JavaThread "Thread-1" daemon [_thread_in_native, id=23567, stack(0x000070000375e000,0x000070000385e000)]

Stack: [0x000070000375e000,0x000070000385e000],  sp=0x000070000385cc80,  free space=1019k
Native frames: (J=compiled Java code, j=interpreted, Vv=VM code, C=native code)
V  [libjvm.dylib+0x5b67ca]
V  [libjvm.dylib+0x1e9925]
V  [libjvm.dylib+0x4e6650]
V  [libjvm.dylib+0x56f90e]
V  [libjvm.dylib+0x16b322]
V  [libjvm.dylib+0x31739d]
C  [libglass.dylib+0x4991]  -[GlassRunnable dealloc]+0x31
C  [libobjc.A.dylib+0x260fe]  _ZN11objc_object17sidetable_releaseEbb+0xe8
C  [Foundation+0x8210b]  -[_NSThreadPerformInfo dealloc]+0x2a
C  [libobjc.A.dylib+0x260fe]  _ZN11objc_object17sidetable_releaseEbb+0xe8
C  [Foundation+0x4edc7]  -[NSObject(NSThreadPerformAdditions) performSelectorOnMainThread:withObject:waitUntilDone:]+0x7c
j  com.sun.glass.ui.mac.MacApplication._submitForLaterInvocation(Ljava/lang/Runnable;)V+0
j  com.sun.glass.ui.mac.MacApplication.submitForLaterInvocation(Ljava/lang/Runnable;)V+2
j  com.sun.glass.ui.InvokeLaterDispatcher.run()V+82
v  ~StubRoutines::call_stub
V  [libjvm.dylib+0x2f0b3a]
V  [libjvm.dylib+0x2f12de]
V  [libjvm.dylib+0x2f148a]
V  [libjvm.dylib+0x34bdb1]
V  [libjvm.dylib+0x570a2f]
V  [libjvm.dylib+0x57212a]
V  [libjvm.dylib+0x48f2f6]
C  [libsystem_pthread.dylib+0x6514]  _pthread_start+0x7d
C  [libsystem_pthread.dylib+0x202f]  thread_start+0xf
C  0x0000000000000000

Java frames: (J=compiled Java code, j=interpreted, Vv=VM code)
j  com.sun.glass.ui.mac.MacApplication._submitForLaterInvocation(Ljava/lang/Runnable;)V+0
j  com.sun.glass.ui.mac.MacApplication.submitForLaterInvocation(Ljava/lang/Runnable;)V+2
j  com.sun.glass.ui.InvokeLaterDispatcher.run()V+82
v  ~StubRoutines::call_stub

---------------  P R O C E S S  ---------------

Java Threads: ( => current thread )
  0x00007ff67f25e800 JavaThread "mysql-cj-abandoned-connection-cleanup" daemon [_thread_blocked, id=62471, stack(0x0000700003df9000,0x0000700003ef9000)]
  0x00007ff67d267000 JavaThread "Prism Font Disposer" daemon [_thread_blocked, id=55663, stack(0x0000700003c73000,0x0000700003d73000)]
  0x00007ff67c216000 JavaThread "Attach Listener" daemon [_thread_blocked, id=55535, stack(0x0000700003b70000,0x0000700003c70000)]
  0x00007ff67f12f800 JavaThread "JavaFX-Launcher" [_thread_blocked, id=52491, stack(0x0000700003a6d000,0x0000700003b6d000)]
  0x00007ff67d219800 JavaThread "Thread-3" daemon [_thread_in_native, id=33287, stack(0x0000700003861000,0x00007000038e1000)]
  0x00007ff67e811800 JavaThread "JavaFX Application Thread" [_thread_in_native_trans, id=259, stack(0x00007ff7b2421000,0x00007ff7b2c21000)]
=>0x00007ff67f0e2800 JavaThread "Thread-1" daemon [_thread_in_native, id=23567, stack(0x000070000375e000,0x000070000385e000)]
  0x00007ff67e911000 JavaThread "QuantumRenderer-0" daemon [_thread_blocked, id=17155, stack(0x000070000365b000,0x000070000375b000)]
  0x00007ff67e817000 JavaThread "Service Thread" daemon [_thread_blocked, id=13827, stack(0x0000700003455000,0x0000700003555000)]
  0x00007ff67f040000 JavaThread "C1 CompilerThread2" daemon [_thread_blocked, id=13571, stack(0x0000700003352000,0x0000700003452000)]
  0x00007ff67f03f000 JavaThread "C2 CompilerThread1" daemon [_thread_in_native, id=17923, stack(0x000070000324f000,0x000070000334f000)]
  0x00007ff67d038800 JavaThread "C2 CompilerThread0" daemon [_thread_blocked, id=18179, stack(0x000070000314c000,0x000070000324c000)]
  0x00007ff67e816000 JavaThread "Monitor Ctrl-Break" daemon [_thread_in_native, id=18691, stack(0x0000700003049000,0x0000700003149000)]
  0x00007ff67c063800 JavaThread "Signal Dispatcher" daemon [_thread_blocked, id=19203, stack(0x0000700002f46000,0x0000700003046000)]
  0x00007ff67c062000 JavaThread "Finalizer" daemon [_thread_blocked, id=21251, stack(0x0000700002d3d000,0x0000700002e3d000)]
  0x00007ff67c061000 JavaThread "Reference Handler" daemon [_thread_blocked, id=11523, stack(0x0000700002c3a000,0x0000700002d3a000)]
  0x00007ff67c00f000 JavaThread "main" [_thread_blocked, id=4099, stack(0x0000700002628000,0x0000700002728000)]

Other Threads:
  0x00007ff67c05a800 VMThread [stack: 0x0000700002b37000,0x0000700002c37000] [id=21507]
  0x00007ff67e849800 WatcherThread [stack: 0x0000700003558000,0x0000700003658000] [id=14339]

VM state:not at safepoint (normal execution)

VM Mutex/Monitor currently owned by a thread: None

Heap:
 PSYoungGen      total 114688K, used 24030K [0x0000000740000000, 0x0000000748000000, 0x00000007c0000000)
  eden space 98304K, 24% used [0x0000000740000000,0x0000000741777a80,0x0000000746000000)
  from space 16384K, 0% used [0x0000000746000000,0x0000000746000000,0x0000000747000000)
  to   space 16384K, 0% used [0x0000000747000000,0x0000000747000000,0x0000000748000000)
 ParOldGen       total 109568K, used 10999K [0x0000000640000000, 0x0000000646b00000, 0x0000000740000000)
  object space 109568K, 10% used [0x0000000640000000,0x0000000640abdcb8,0x0000000646b00000)
 Metaspace       used 23562K, capacity 24784K, committed 24960K, reserved 1071104K
  class space    used 3160K, capacity 3430K, committed 3456K, reserved 1048576K

Card table byte_map: [0x000000010f34b000,0x000000010ff4c000] byte_map_base: 0x000000010c14b000

Marking Bits: (ParMarkBitMap*) 0x000000010ec90ae0
 Begin Bits: [0x0000000127c47000, 0x000000012dc47000)
 End Bits:   [0x000000012dc47000, 0x0000000133c47000)

Polling page: 0x000000010d417000

CodeCache: size=245760Kb used=12835Kb max_used=12846Kb free=232924Kb
 bounds [0x0000000118c47000, 0x00000001198e7000, 0x0000000127c47000]
 total_blobs=4646 nmethods=3932 adapters=627
 compilation: enabled

Compilation events (10 events):
Event: 23.583 Thread 0x00007ff67f040000 3927       3       javafx.scene.layout.BackgroundFill::<init> (95 bytes)
Event: 23.584 Thread 0x00007ff67f040000 nmethod 3927 0x00000001198d6d50 code [0x00000001198d6ee0, 0x00000001198d7358]
Event: 23.584 Thread 0x00007ff67f040000 3925       3       com.sun.javafx.css.StyleConverterImpl::cacheValue (28 bytes)
Event: 23.584 Thread 0x00007ff67f040000 nmethod 3925 0x00000001198d7510 code [0x00000001198d76c0, 0x00000001198d7a78]
Event: 23.584 Thread 0x00007ff67f040000 3932       3       com.sun.glass.ui.Window::isMinimized (17 bytes)
Event: 23.584 Thread 0x00007ff67f040000 nmethod 3932 0x00000001198cd6d0 code [0x00000001198cd840, 0x00000001198cda28]
Event: 23.585 Thread 0x00007ff67d038800 nmethod 3914 0x00000001198dae50 code [0x00000001198dafe0, 0x00000001198db638]
Event: 23.585 Thread 0x00007ff67d038800 3924       4       java.util.HashMap::clear (50 bytes)
Event: 23.586 Thread 0x00007ff67f040000 3933       1       java.nio.DirectFloatBufferU::ix (10 bytes)
Event: 23.586 Thread 0x00007ff67f040000 nmethod 3933 0x00000001198d9690 code [0x00000001198d97e0, 0x00000001198d98f0]

GC Heap History (8 events):
Event: 3.423 GC heap before
{Heap before GC invocations=1 (full 0):
 PSYoungGen      total 114688K, used 97319K [0x0000000740000000, 0x0000000748000000, 0x00000007c0000000)
  eden space 98304K, 98% used [0x0000000740000000,0x0000000745f09db8,0x0000000746000000)
  from space 16384K, 0% used [0x0000000747000000,0x0000000747000000,0x0000000748000000)
  to   space 16384K, 0% used [0x0000000746000000,0x0000000746000000,0x0000000747000000)
 ParOldGen       total 262144K, used 0K [0x0000000640000000, 0x0000000650000000, 0x0000000740000000)
  object space 262144K, 0% used [0x0000000640000000,0x0000000640000000,0x0000000650000000)
 Metaspace       used 16688K, capacity 17804K, committed 18048K, reserved 1064960K
  class space    used 2441K, capacity 2642K, committed 2688K, reserved 1048576K
Event: 3.430 GC heap after
Heap after GC invocations=1 (full 0):
 PSYoungGen      total 114688K, used 7252K [0x0000000740000000, 0x0000000748000000, 0x00000007c0000000)
  eden space 98304K, 0% used [0x0000000740000000,0x0000000740000000,0x0000000746000000)
  from space 16384K, 44% used [0x0000000746000000,0x0000000746715050,0x0000000747000000)
  to   space 16384K, 0% used [0x0000000747000000,0x0000000747000000,0x0000000748000000)
 ParOldGen       total 262144K, used 24K [0x0000000640000000, 0x0000000650000000, 0x0000000740000000)
  object space 262144K, 0% used [0x0000000640000000,0x0000000640006000,0x0000000650000000)
 Metaspace       used 16688K, capacity 17804K, committed 18048K, reserved 1064960K
  class space    used 2441K, capacity 2642K, committed 2688K, reserved 1048576K
}
Event: 4.557 GC heap before
{Heap before GC invocations=2 (full 0):
 PSYoungGen      total 114688K, used 104065K [0x0000000740000000, 0x0000000748000000, 0x00000007c0000000)
  eden space 98304K, 98% used [0x0000000740000000,0x0000000745e8b788,0x0000000746000000)
  from space 16384K, 44% used [0x0000000746000000,0x0000000746715050,0x0000000747000000)
  to   space 16384K, 0% used [0x0000000747000000,0x0000000747000000,0x0000000748000000)
 ParOldGen       total 262144K, used 24K [0x0000000640000000, 0x0000000650000000, 0x0000000740000000)
  object space 262144K, 0% used [0x0000000640000000,0x0000000640006000,0x0000000650000000)
 Metaspace       used 16855K, capacity 17932K, committed 18048K, reserved 1064960K
  class space    used 2441K, capacity 2642K, committed 2688K, reserved 1048576K
Event: 4.563 GC heap after
Heap after GC invocations=2 (full 0):
 PSYoungGen      total 114688K, used 6852K [0x0000000740000000, 0x0000000748000000, 0x00000007c0000000)
  eden space 98304K, 0% used [0x0000000740000000,0x0000000740000000,0x0000000746000000)
  from space 16384K, 41% used [0x0000000747000000,0x00000007476b1040,0x0000000748000000)
  to   space 16384K, 0% used [0x0000000746000000,0x0000000746000000,0x0000000747000000)
 ParOldGen       total 262144K, used 32K [0x0000000640000000, 0x0000000650000000, 0x0000000740000000)
  object space 262144K, 0% used [0x0000000640000000,0x0000000640008000,0x0000000650000000)
 Metaspace       used 16855K, capacity 17932K, committed 18048K, reserved 1064960K
  class space    used 2441K, capacity 2642K, committed 2688K, reserved 1048576K
}
Event: 11.492 GC heap before
{Heap before GC invocations=3 (full 0):
 PSYoungGen      total 114688K, used 95817K [0x0000000740000000, 0x0000000748000000, 0x00000007c0000000)
  eden space 98304K, 90% used [0x0000000740000000,0x00000007456e16e8,0x0000000746000000)
  from space 16384K, 41% used [0x0000000747000000,0x00000007476b1040,0x0000000748000000)
  to   space 16384K, 0% used [0x0000000746000000,0x0000000746000000,0x0000000747000000)
 ParOldGen       total 262144K, used 32K [0x0000000640000000, 0x0000000650000000, 0x0000000740000000)
  object space 262144K, 0% used [0x0000000640000000,0x0000000640008000,0x0000000650000000)
 Metaspace       used 19953K, capacity 21132K, committed 21248K, reserved 1067008K
  class space    used 2742K, capacity 2992K, committed 3072K, reserved 1048576K
Event: 11.501 GC heap after
Heap after GC invocations=3 (full 0):
 PSYoungGen      total 114688K, used 11100K [0x0000000740000000, 0x0000000748000000, 0x00000007c0000000)
  eden space 98304K, 0% used [0x0000000740000000,0x0000000740000000,0x0000000746000000)
  from space 16384K, 67% used [0x0000000746000000,0x0000000746ad7310,0x0000000747000000)
  to   space 16384K, 0% used [0x0000000747000000,0x0000000747000000,0x0000000748000000)
 ParOldGen       total 262144K, used 40K [0x0000000640000000, 0x0000000650000000, 0x0000000740000000)
  object space 262144K, 0% used [0x0000000640000000,0x000000064000a000,0x0000000650000000)
 Metaspace       used 19953K, capacity 21132K, committed 21248K, reserved 1067008K
  class space    used 2742K, capacity 2992K, committed 3072K, reserved 1048576K
}
Event: 11.501 GC heap before
{Heap before GC invocations=4 (full 1):
 PSYoungGen      total 114688K, used 11100K [0x0000000740000000, 0x0000000748000000, 0x00000007c0000000)
  eden space 98304K, 0% used [0x0000000740000000,0x0000000740000000,0x0000000746000000)
  from space 16384K, 67% used [0x0000000746000000,0x0000000746ad7310,0x0000000747000000)
  to   space 16384K, 0% used [0x0000000747000000,0x0000000747000000,0x0000000748000000)
 ParOldGen       total 262144K, used 40K [0x0000000640000000, 0x0000000650000000, 0x0000000740000000)
  object space 262144K, 0% used [0x0000000640000000,0x000000064000a000,0x0000000650000000)
 Metaspace       used 19953K, capacity 21132K, committed 21248K, reserved 1067008K
  class space    used 2742K, capacity 2992K, committed 3072K, reserved 1048576K
Event: 11.532 GC heap after
Heap after GC invocations=4 (full 1):
 PSYoungGen      total 114688K, used 0K [0x0000000740000000, 0x0000000748000000, 0x00000007c0000000)
  eden space 98304K, 0% used [0x0000000740000000,0x0000000740000000,0x0000000746000000)
  from space 16384K, 0% used [0x0000000746000000,0x0000000746000000,0x0000000747000000)
  to   space 16384K, 0% used [0x0000000747000000,0x0000000747000000,0x0000000748000000)
 ParOldGen       total 109568K, used 10999K [0x0000000640000000, 0x0000000646b00000, 0x0000000740000000)
  object space 109568K, 10% used [0x0000000640000000,0x0000000640abdcb8,0x0000000646b00000)
 Metaspace       used 19953K, capacity 21132K, committed 21248K, reserved 1067008K
  class space    used 2742K, capacity 2992K, committed 3072K, reserved 1048576K
}

Deoptimization events (10 events):
Event: 11.676 Thread 0x00007ff67e811800 Uncommon trap: reason=unstable_if action=reinterpret pc=0x000000011973412c method=java.io.ByteArrayInputStream.read()I @ 8
Event: 11.676 Thread 0x00007ff67e811800 Uncommon trap: reason=unstable_if action=reinterpret pc=0x0000000119762954 method=java.util.regex.ASCII.isType(II)Z @ 6
Event: 11.703 Thread 0x00007ff67e811800 Uncommon trap: reason=class_check action=maybe_recompile pc=0x0000000119735894 method=java.util.jar.JarFile.getJarEntry(Ljava/lang/String;)Ljava/util/jar/JarEntry; @ 2
Event: 11.704 Thread 0x00007ff67e811800 Uncommon trap: reason=class_check action=maybe_recompile pc=0x0000000119735894 method=java.util.jar.JarFile.getJarEntry(Ljava/lang/String;)Ljava/util/jar/JarEntry; @ 2
Event: 11.704 Thread 0x00007ff67e811800 Uncommon trap: reason=class_check action=maybe_recompile pc=0x0000000119735894 method=java.util.jar.JarFile.getJarEntry(Ljava/lang/String;)Ljava/util/jar/JarEntry; @ 2
Event: 11.704 Thread 0x00007ff67e811800 Uncommon trap: reason=class_check action=maybe_recompile pc=0x0000000119735894 method=java.util.jar.JarFile.getJarEntry(Ljava/lang/String;)Ljava/util/jar/JarEntry; @ 2
Event: 11.710 Thread 0x00007ff67e811800 Uncommon trap: reason=bimorphic action=maybe_recompile pc=0x000000011971ca68 method=java.util.Properties$LineReader.readLine()I @ 62
Event: 11.710 Thread 0x00007ff67e811800 Uncommon trap: reason=unstable_if action=reinterpret pc=0x000000011971c880 method=java.util.Properties$LineReader.readLine()I @ 252
Event: 11.831 Thread 0x00007ff67e811800 Uncommon trap: reason=unstable_if action=reinterpret pc=0x00000001198279b4 method=java.util.concurrent.ConcurrentHashMap.get(Ljava/lang/Object;)Ljava/lang/Object; @ 138
Event: 23.571 Thread 0x00007ff67e811800 Uncommon trap: reason=unstable_if action=reinterpret pc=0x00000001192bad84 method=com.sun.javafx.geom.RectBounds.isEmpty()Z @ 21

Classes redefined (0 events):
No events

Internal exceptions (10 events):
Event: 0.207 Thread 0x00007ff67c00f000 Exception <a 'java/security/PrivilegedActionException'> (0x00000007407562d8) thrown at [/Users/java_re/workspace/8-2-build-macosx-x86_64/jdk8u172/10810/hotspot/src/share/vm/prims/jvm.cpp, line 1435]
Event: 0.207 Thread 0x00007ff67c00f000 Exception <a 'java/security/PrivilegedActionException'> (0x00000007407564e8) thrown at [/Users/java_re/workspace/8-2-build-macosx-x86_64/jdk8u172/10810/hotspot/src/share/vm/prims/jvm.cpp, line 1435]
Event: 0.207 Thread 0x00007ff67c00f000 Exception <a 'java/lang/NullPointerException'> (0x0000000740756ef0) thrown at [/Users/java_re/workspace/8-2-build-macosx-x86_64/jdk8u172/10810/hotspot/src/share/vm/interpreter/linkResolver.cpp, line 1185]
Event: 0.538 Thread 0x00007ff67e811800 Exception <a 'java/lang/NullPointerException'> (0x00000007416bb0d0) thrown at [/Users/java_re/workspace/8-2-build-macosx-x86_64/jdk8u172/10810/hotspot/src/share/vm/interpreter/linkResolver.cpp, line 1185]
Event: 0.538 Thread 0x00007ff67e811800 Exception <a 'java/lang/NullPointerException'> (0x00000007416bb0d0) thrown at [/Users/java_re/workspace/8-2-build-macosx-x86_64/jdk8u172/10810/hotspot/src/share/vm/prims/jvm.cpp, line 1439]
Event: 0.663 Thread 0x00007ff67e811800 Implicit null exception at 0x0000000118ea0a75 to 0x0000000118ea0c6d
Event: 1.525 Thread 0x00007ff67e811800 Implicit null exception at 0x0000000118ff14d7 to 0x0000000118ff2c39
Event: 1.596 Thread 0x00007ff67e811800 Implicit null exception at 0x0000000119089f26 to 0x000000011908a729
Event: 9.555 Thread 0x00007ff67e911000 Implicit null exception at 0x00000001193009e8 to 0x0000000119300cc5
Event: 11.350 Thread 0x00007ff67e811800 Implicit null exception at 0x0000000118ef7675 to 0x0000000118ef7a29

Events (10 events):
Event: 11.891 loading class java/lang/Throwable$PrintStreamOrWriter done
Event: 11.891 loading class java/lang/Throwable$WrappedPrintStream done
Event: 11.891 loading class java/util/IdentityHashMap$KeySet
Event: 11.891 loading class java/util/IdentityHashMap$KeySet done
Event: 23.571 Thread 0x00007ff67e811800 Uncommon trap: trap_request=0xffffff65 fr.pc=0x00000001192bad84
Event: 23.571 Thread 0x00007ff67e811800 DEOPT PACKING pc=0x00000001192bad84 sp=0x00007ff7b2c16140
Event: 23.571 Thread 0x00007ff67e811800 DEOPT UNPACKING pc=0x0000000118c8c73a sp=0x00007ff7b2c16098 mode 2
Event: 23.572 Thread 0x00007ff67e811800 DEOPT PACKING pc=0x0000000118fa6682 sp=0x00007ff7b2c19c90
Event: 23.572 Thread 0x00007ff67e811800 DEOPT UNPACKING pc=0x0000000118c8e784 sp=0x00007ff7b2c19a10 mode 0
Event: 23.586 Executing VM operation: RevokeBias


Dynamic libraries:
0x00007ff82f613000 	/System/Library/Frameworks/Cocoa.framework/Versions/A/Cocoa
0x00007ff81b451000 	/System/Library/Frameworks/AppKit.framework/Versions/C/AppKit
0x00007ff81e93e000 	/System/Library/Frameworks/CoreData.framework/Versions/A/CoreData
0x00007ff81986c000 	/System/Library/Frameworks/Foundation.framework/Versions/C/Foundation
0x00007ff8237b3000 	/usr/lib/libSystem.B.dylib
0x00007ff81c2de000 	/System/Library/PrivateFrameworks/UIFoundation.framework/Versions/A/UIFoundation
0x00007ff8295eb000 	/System/Library/PrivateFrameworks/RemoteViewServices.framework/Versions/A/RemoteViewServices
0x00007ff82195f000 	/System/Library/PrivateFrameworks/XCTTargetBootstrap.framework/Versions/A/XCTTargetBootstrap
0x00007ff8255c2000 	/System/Library/PrivateFrameworks/InternationalSupport.framework/Versions/A/InternationalSupport
0x00007ff82564c000 	/System/Library/PrivateFrameworks/UserActivity.framework/Versions/A/UserActivity
0x00007ff8249a2000 	/usr/lib/libspindump.dylib
0x00007ff81c56c000 	/System/Library/Frameworks/UniformTypeIdentifiers.framework/Versions/A/UniformTypeIdentifiers
0x00007ff82009e000 	/usr/lib/libapp_launch_measurement.dylib
0x00007ff81f308000 	/System/Library/PrivateFrameworks/CoreAnalytics.framework/Versions/A/CoreAnalytics
0x00007ff8200a1000 	/System/Library/PrivateFrameworks/CoreAutoLayout.framework/Versions/A/CoreAutoLayout
0x00007ff8212c0000 	/System/Library/Frameworks/Metal.framework/Versions/A/Metal
0x00007ff821fd5000 	/usr/lib/liblangid.dylib
0x00007ff821963000 	/System/Library/PrivateFrameworks/CoreSVG.framework/Versions/A/CoreSVG
0x00007ff81d92e000 	/System/Library/PrivateFrameworks/SkyLight.framework/Versions/A/SkyLight
0x00007ff81dcbf000 	/System/Library/Frameworks/CoreGraphics.framework/Versions/A/CoreGraphics
0x00007ff829c56000 	/System/Library/Frameworks/Accelerate.framework/Versions/A/Accelerate
0x00007ff82441d000 	/System/Library/PrivateFrameworks/IconServices.framework/Versions/A/IconServices
0x00007ff8212a5000 	/System/Library/Frameworks/IOSurface.framework/Versions/A/IOSurface
0x00007ff81f336000 	/usr/lib/libDiagnosticMessagesClient.dylib
0x00007ff8236d3000 	/usr/lib/libz.1.dylib
0x00007ff82d2b5000 	/System/Library/Frameworks/ApplicationServices.framework/Versions/A/ApplicationServices
0x00007ff82194b000 	/System/Library/PrivateFrameworks/DFRFoundation.framework/Versions/A/DFRFoundation
0x00007ff81ad42000 	/usr/lib/libicucore.A.dylib
0x00007ff8262e4000 	/System/Library/Frameworks/AudioToolbox.framework/Versions/A/AudioToolbox
0x00007ff8255ce000 	/System/Library/PrivateFrameworks/DataDetectorsCore.framework/Versions/A/DataDetectorsCore
0x00007ff920e14000 	/System/Library/PrivateFrameworks/TextInput.framework/Versions/A/TextInput
0x00007ff81d8b1000 	/usr/lib/libMobileGestalt.dylib
0x00007ff821653000 	/System/Library/Frameworks/Carbon.framework/Versions/A/Frameworks/HIToolbox.framework/Versions/A/HIToolbox
0x00007ff81facc000 	/System/Library/Frameworks/QuartzCore.framework/Versions/A/QuartzCore
0x00007ff81a9e3000 	/System/Library/Frameworks/Security.framework/Versions/A/Security
0x00007ff829623000 	/System/Library/Frameworks/Carbon.framework/Versions/A/Frameworks/SpeechRecognition.framework/Versions/A/SpeechRecognition
0x00007ff81fdfe000 	/System/Library/PrivateFrameworks/CoreUI.framework/Versions/A/CoreUI
0x00007ff81a2bd000 	/System/Library/Frameworks/CoreAudio.framework/Versions/A/CoreAudio
0x00007ff81f424000 	/System/Library/Frameworks/DiskArbitration.framework/Versions/A/DiskArbitration
0x00007ff824d89000 	/System/Library/PrivateFrameworks/MultitouchSupport.framework/Versions/A/MultitouchSupport
0x00007ff81d8b0000 	/usr/lib/libenergytrace.dylib
0x00007ff81b33d000 	/System/Library/Frameworks/IOKit.framework/Versions/A/IOKit
0x00007ff829a0d000 	/System/Library/Frameworks/CoreServices.framework/Versions/A/CoreServices
0x00007ff820038000 	/System/Library/PrivateFrameworks/PerformanceAnalysis.framework/Versions/A/PerformanceAnalysis
0x00007ffa303d5000 	/System/Library/Frameworks/OpenGL.framework/Versions/A/OpenGL
0x00007ff822d0b000 	/System/Library/PrivateFrameworks/MobileKeyBag.framework/Versions/A/MobileKeyBag
0x00007ff81882d000 	/usr/lib/libobjc.A.dylib
0x00007ff81e38b000 	/System/Library/Frameworks/ColorSync.framework/Versions/A/ColorSync
0x00007ff8189e6000 	/System/Library/Frameworks/CoreFoundation.framework/Versions/A/CoreFoundation
0x00007ff821bdc000 	/System/Library/Frameworks/CoreImage.framework/Versions/A/CoreImage
0x00007ff81a0d3000 	/System/Library/Frameworks/CoreText.framework/Versions/A/CoreText
0x00007ff821992000 	/System/Library/Frameworks/ImageIO.framework/Versions/A/ImageIO
0x00007ff8237b9000 	/System/Library/PrivateFrameworks/SoftLinking.framework/Versions/A/SoftLinking
0x00007ff8200e9000 	/usr/lib/libxml2.2.dylib
0x00007ff8188f3000 	/usr/lib/libc++.1.dylib
0x00007ff823a3c000 	/usr/lib/libcompression.dylib
0x00007ff8254f8000 	/System/Library/PrivateFrameworks/TextureIO.framework/Versions/A/TextureIO
0x00007ff82412f000 	/usr/lib/libate.dylib
0x00007ff8237ae000 	/usr/lib/system/libcache.dylib
0x00007ff82376a000 	/usr/lib/system/libcommonCrypto.dylib
0x00007ff823793000 	/usr/lib/system/libcompiler_rt.dylib
0x00007ff823789000 	/usr/lib/system/libcopyfile.dylib
0x00007ff818727000 	/usr/lib/system/libcorecrypto.dylib
0x00007ff8187e6000 	/usr/lib/system/libdispatch.dylib
0x00007ff8189a5000 	/usr/lib/system/libdyld.dylib
0x00007ff8237a5000 	/usr/lib/system/libkeymgr.dylib
0x00007ff823748000 	/usr/lib/system/libmacho.dylib
0x00007ff822ddf000 	/usr/lib/system/libquarantine.dylib
0x00007ff8237a3000 	/usr/lib/system/libremovefile.dylib
0x00007ff81d8fd000 	/usr/lib/system/libsystem_asl.dylib
0x00007ff8186d5000 	/usr/lib/system/libsystem_blocks.dylib
0x00007ff81886a000 	/usr/lib/system/libsystem_c.dylib
0x00007ff82379b000 	/usr/lib/system/libsystem_collections.dylib
0x00007ff821fc6000 	/usr/lib/system/libsystem_configuration.dylib
0x00007ff821288000 	/usr/lib/system/libsystem_containermanager.dylib
0x00007ff823487000 	/usr/lib/system/libsystem_coreservices.dylib
0x00007ff81afcb000 	/usr/lib/system/libsystem_darwin.dylib
0x00007ff8237a6000 	/usr/lib/system/libsystem_dnssd.dylib
0x00007ff818867000 	/usr/lib/system/libsystem_featureflags.dylib
0x00007ff8189bb000 	/usr/lib/system/libsystem_info.dylib
0x00007ff8236e6000 	/usr/lib/system/libsystem_m.dylib
0x00007ff8187ba000 	/usr/lib/system/libsystem_malloc.dylib
0x00007ff81d89a000 	/usr/lib/system/libsystem_networkextension.dylib
0x00007ff81b3f3000 	/usr/lib/system/libsystem_notify.dylib
0x00007ff8298e4000 	/usr/lib/system/libsystem_product_info_filter.dylib
0x00007ff821fca000 	/usr/lib/system/libsystem_sandbox.dylib
0x00007ff8237a0000 	/usr/lib/system/libsystem_secinit.dylib
0x00007ff818962000 	/usr/lib/system/libsystem_kernel.dylib
0x00007ff8189b1000 	/usr/lib/system/libsystem_platform.dylib
0x00007ff818999000 	/usr/lib/system/libsystem_pthread.dylib
0x00007ff81f14e000 	/usr/lib/system/libsystem_symptoms.dylib
0x00007ff81870e000 	/usr/lib/system/libsystem_trace.dylib
0x00007ff823776000 	/usr/lib/system/libunwind.dylib
0x00007ff8186d7000 	/usr/lib/system/libxpc.dylib
0x00007ff81894c000 	/usr/lib/libc++abi.dylib
0x00007ff823781000 	/usr/lib/liboah.dylib
0x00007ff823f0d000 	/usr/lib/liblzma.5.dylib
0x00007ff81957d000 	/System/Library/Frameworks/SystemConfiguration.framework/Versions/A/SystemConfiguration
0x00007ff8237b5000 	/usr/lib/libfakelink.dylib
0x00007ff81d404000 	/System/Library/Frameworks/CFNetwork.framework/Versions/A/CFNetwork
0x00007ff8238f4000 	/usr/lib/libarchive.2.dylib
0x00007ff821fd1000 	/System/Library/PrivateFrameworks/AppleSystemInfo.framework/Versions/A/AppleSystemInfo
0x00007ff822e05000 	/usr/lib/libbsm.0.dylib
0x00007ff81ca3b000 	/usr/lib/libnetwork.dylib
0x00007ff82374e000 	/usr/lib/system/libkxld.dylib
0x00007ff822a34000 	/System/Library/PrivateFrameworks/IOMobileFramebuffer.framework/Versions/A/IOMobileFramebuffer
0x00007ffb2debe000 	/usr/lib/libCoreEntitlements.dylib
0x00007ff823469000 	/System/Library/PrivateFrameworks/AppleFSCompression.framework/Versions/A/AppleFSCompression
0x00007ff822dee000 	/usr/lib/libcoretls.dylib
0x00007ff823f27000 	/usr/lib/libcoretls_cfhelpers.dylib
0x00007ff823a37000 	/usr/lib/libpam.2.dylib
0x00007ff81ed70000 	/usr/lib/libsqlite3.dylib
0x00007ff823f96000 	/usr/lib/libxar.1.dylib
0x00007ff823479000 	/usr/lib/libbz2.1.0.dylib
0x00007ff8237ba000 	/usr/lib/libpcap.A.dylib
0x00007ff81f145000 	/usr/lib/libdns_services.dylib
0x00007ff823a06000 	/usr/lib/libapple_nghttp2.dylib
0x00007ff8237f1000 	/usr/lib/libiconv.2.dylib
0x00007ff823747000 	/usr/lib/libcharset.1.dylib
0x00007ff82006c000 	/System/Library/Frameworks/CoreServices.framework/Versions/A/Frameworks/FSEvents.framework/Versions/A/FSEvents
0x00007ff81afd5000 	/System/Library/Frameworks/CoreServices.framework/Versions/A/Frameworks/CarbonCore.framework/Versions/A/CarbonCore
0x00007ff81f389000 	/System/Library/Frameworks/CoreServices.framework/Versions/A/Frameworks/Metadata.framework/Versions/A/Metadata
0x00007ff82348c000 	/System/Library/Frameworks/CoreServices.framework/Versions/A/Frameworks/OSServices.framework/Versions/A/OSServices
0x00007ff82397a000 	/System/Library/Frameworks/CoreServices.framework/Versions/A/Frameworks/SearchKit.framework/Versions/A/SearchKit
0x00007ff81f0d7000 	/System/Library/Frameworks/CoreServices.framework/Versions/A/Frameworks/AE.framework/Versions/A/AE
0x00007ff818ee9000 	/System/Library/Frameworks/CoreServices.framework/Versions/A/Frameworks/LaunchServices.framework/Versions/A/LaunchServices
0x00007ff823ebe000 	/System/Library/Frameworks/CoreServices.framework/Versions/A/Frameworks/DictionaryServices.framework/Versions/A/DictionaryServices
0x00007ff820079000 	/System/Library/Frameworks/CoreServices.framework/Versions/A/Frameworks/SharedFileList.framework/Versions/A/SharedFileList
0x00007ff822de2000 	/usr/lib/libCheckFix.dylib
0x00007ff81d914000 	/System/Library/PrivateFrameworks/TCC.framework/Versions/A/TCC
0x00007ff821fd7000 	/System/Library/PrivateFrameworks/CoreNLP.framework/Versions/A/CoreNLP
0x00007ff81f339000 	/System/Library/PrivateFrameworks/MetadataUtilities.framework/Versions/A/MetadataUtilities
0x00007ff81962d000 	/usr/lib/libmecabra.dylib
0x00007ff822e15000 	/usr/lib/libmecab.dylib
0x00007ff8195f8000 	/usr/lib/libCRFSuite.dylib
0x00007ff822e72000 	/usr/lib/libgermantok.dylib
0x00007ff8239e1000 	/usr/lib/libThaiTokenizer.dylib
0x00007ff81f42b000 	/System/Library/Frameworks/Accelerate.framework/Versions/A/Frameworks/vImage.framework/Versions/A/vImage
0x00007ff8299e4000 	/System/Library/Frameworks/Accelerate.framework/Versions/A/Frameworks/vecLib.framework/Versions/A/vecLib
0x00007ff823fd7000 	/System/Library/Frameworks/Accelerate.framework/Versions/A/Frameworks/vecLib.framework/Versions/A/libvMisc.dylib
0x00007ff822852000 	/System/Library/Frameworks/Accelerate.framework/Versions/A/Frameworks/vecLib.framework/Versions/A/libvDSP.dylib
0x00007ff819261000 	/System/Library/Frameworks/Accelerate.framework/Versions/A/Frameworks/vecLib.framework/Versions/A/libBLAS.dylib
0x00007ff823b18000 	/System/Library/Frameworks/Accelerate.framework/Versions/A/Frameworks/vecLib.framework/Versions/A/libLAPACK.dylib
0x00007ff822e75000 	/System/Library/Frameworks/Accelerate.framework/Versions/A/Frameworks/vecLib.framework/Versions/A/libLinearAlgebra.dylib
0x00007ff823a1f000 	/System/Library/Frameworks/Accelerate.framework/Versions/A/Frameworks/vecLib.framework/Versions/A/libSparseBLAS.dylib
0x00007ff823b12000 	/System/Library/Frameworks/Accelerate.framework/Versions/A/Frameworks/vecLib.framework/Versions/A/libQuadrature.dylib
0x00007ff8220c1000 	/System/Library/Frameworks/Accelerate.framework/Versions/A/Frameworks/vecLib.framework/Versions/A/libBNNS.dylib
0x00007ff81950e000 	/System/Library/Frameworks/Accelerate.framework/Versions/A/Frameworks/vecLib.framework/Versions/A/libSparse.dylib
0x00007ff8220ba000 	/System/Library/PrivateFrameworks/LinguisticData.framework/Versions/A/LinguisticData
0x00007ff8194c3000 	/System/Library/PrivateFrameworks/Lexicon.framework/Versions/A/Lexicon
0x00007ff823fd0000 	/usr/lib/libChineseTokenizer.dylib
0x00007ff819c27000 	/System/Library/PrivateFrameworks/LanguageModeling.framework/Versions/A/LanguageModeling
0x00007ff8239e3000 	/System/Library/PrivateFrameworks/AppleSauce.framework/Versions/A/AppleSauce
0x00007ff822a22000 	/System/Library/PrivateFrameworks/CoreEmoji.framework/Versions/A/CoreEmoji
0x00007ff8238e3000 	/usr/lib/libcmph.dylib
0x00007ff820050000 	/System/Library/Frameworks/OpenDirectory.framework/Versions/A/Frameworks/CFOpenDirectory.framework/Versions/A/CFOpenDirectory
0x00007ff820044000 	/System/Library/Frameworks/OpenDirectory.framework/Versions/A/OpenDirectory
0x00007ff823f29000 	/System/Library/PrivateFrameworks/APFS.framework/Versions/A/APFS
0x00007ff822d43000 	/System/Library/Frameworks/SecurityFoundation.framework/Versions/A/SecurityFoundation
0x00007ff823fa4000 	/usr/lib/libutil.dylib
0x00007ff81b300000 	/System/Library/PrivateFrameworks/CoreServicesStore.framework/Versions/A/CoreServicesStore
0x00007ff823fa8000 	/usr/lib/libxslt.1.dylib
0x00007ff822dd0000 	/System/Library/PrivateFrameworks/BackgroundTaskManagement.framework/Versions/A/BackgroundTaskManagement
0x00007ff825418000 	/System/Library/Frameworks/ImageIO.framework/Versions/A/Resources/libRadiance.dylib
0x00007ff825421000 	/System/Library/Frameworks/ImageIO.framework/Versions/A/Resources/libJPEG.dylib
0x00007ff825371000 	/System/Library/Frameworks/ImageIO.framework/Versions/A/Resources/libPng.dylib
0x00007ff825392000 	/System/Library/Frameworks/ImageIO.framework/Versions/A/Resources/libTIFF.dylib
0x00007ff825481000 	/System/Library/Frameworks/ImageIO.framework/Versions/A/Resources/libGIF.dylib
0x00007ff824ca2000 	/System/Library/Frameworks/ImageIO.framework/Versions/A/Resources/libJP2.dylib
0x00007ff8243e4000 	/usr/lib/libexpat.1.dylib
0x00007ff824c57000 	/System/Library/PrivateFrameworks/AppleJPEG.framework/Versions/A/AppleJPEG
0x00007ff82151a000 	/System/Library/PrivateFrameworks/FontServices.framework/libFontParser.dylib
0x00007ff81f081000 	/System/Library/PrivateFrameworks/RunningBoardServices.framework/Versions/A/RunningBoardServices
0x00007ff82fb84000 	/System/Library/PrivateFrameworks/IOSurfaceAccelerator.framework/Versions/A/IOSurfaceAccelerator
0x00007ff824d85000 	/System/Library/PrivateFrameworks/WatchdogClient.framework/Versions/A/WatchdogClient
0x00007ff819d16000 	/System/Library/Frameworks/CoreDisplay.framework/Versions/A/CoreDisplay
0x00007ff82141a000 	/System/Library/Frameworks/CoreMedia.framework/Versions/A/CoreMedia
0x00007ff8212b7000 	/System/Library/PrivateFrameworks/IOAccelerator.framework/Versions/A/IOAccelerator
0x00007ff8201cc000 	/System/Library/Frameworks/CoreVideo.framework/Versions/A/CoreVideo
0x00007ff823a35000 	/System/Library/Frameworks/MetalPerformanceShaders.framework/Versions/A/MetalPerformanceShaders
0x00007ff824dc0000 	/System/Library/Frameworks/VideoToolbox.framework/Versions/A/VideoToolbox
0x00007ff81efc9000 	/System/Library/PrivateFrameworks/BaseBoard.framework/Versions/A/BaseBoard
0x00007ff81ed56000 	/System/Library/PrivateFrameworks/ProtocolBuffer.framework/Versions/A/ProtocolBuffer
0x00007ff825411000 	/System/Library/PrivateFrameworks/GPUWrangler.framework/Versions/A/GPUWrangler
0x00007ff8253f4000 	/System/Library/PrivateFrameworks/IOPresentment.framework/Versions/A/IOPresentment
0x00007ff82541b000 	/System/Library/PrivateFrameworks/DSExternalDisplay.framework/Versions/A/DSExternalDisplay
0x00007ffa303c9000 	/System/Library/Frameworks/OpenGL.framework/Versions/A/Libraries/libCoreFSCache.dylib
0x00007ffb1c4bd000 	/System/Library/PrivateFrameworks/GPUCompiler.framework/Versions/31001/Libraries/libGPUCompilerUtils.dylib
0x00007ff825486000 	/System/Library/PrivateFrameworks/CMCaptureCore.framework/Versions/A/CMCaptureCore
0x00007ff824990000 	/System/Library/PrivateFrameworks/AppServerSupport.framework/Versions/A/AppServerSupport
0x00007ff826b61000 	/System/Library/PrivateFrameworks/perfdata.framework/Versions/A/perfdata
0x00007ff819e42000 	/System/Library/PrivateFrameworks/AudioToolboxCore.framework/Versions/A/AudioToolboxCore
0x00007ff8213f7000 	/System/Library/PrivateFrameworks/caulk.framework/Versions/A/caulk
0x00007ff82648e000 	/usr/lib/libAudioStatistics.dylib
0x00007ff91d6d3000 	/System/Library/PrivateFrameworks/SystemPolicy.framework/Versions/A/SystemPolicy
0x00007ff8266da000 	/usr/lib/libSMC.dylib
0x00007ff82f4c6000 	/System/Library/Frameworks/CoreMIDI.framework/Versions/A/CoreMIDI
0x00007ff825341000 	/usr/lib/libAudioToolboxUtility.dylib
0x00007ff919b5b000 	/System/Library/PrivateFrameworks/OSAServicesClient.framework/Versions/A/OSAServicesClient
0x00007ff826b6e000 	/usr/lib/libperfcheck.dylib
0x00007ff91e15f000 	/usr/lib/libmis.dylib
0x00007ffa30425000 	/System/Library/Frameworks/OpenGL.framework/Versions/A/Libraries/libGLU.dylib
0x00007ffa303e8000 	/System/Library/Frameworks/OpenGL.framework/Versions/A/Libraries/libGFXShared.dylib
0x00007ffa305f6000 	/System/Library/Frameworks/OpenGL.framework/Versions/A/Libraries/libGL.dylib
0x00007ffa303f1000 	/System/Library/Frameworks/OpenGL.framework/Versions/A/Libraries/libGLImage.dylib
0x00007ffa303e5000 	/System/Library/Frameworks/OpenGL.framework/Versions/A/Libraries/libCVMSPluginSupport.dylib
0x00007ffa303d0000 	/System/Library/Frameworks/OpenGL.framework/Versions/A/Libraries/libCoreVMClient.dylib
0x00007ff821f55000 	/System/Library/Frameworks/MetalPerformanceShaders.framework/Versions/A/Frameworks/MPSCore.framework/Versions/A/MPSCore
0x00007ff8233d4000 	/System/Library/Frameworks/MetalPerformanceShaders.framework/Versions/A/Frameworks/MPSImage.framework/Versions/A/MPSImage
0x00007ff822e8b000 	/System/Library/Frameworks/MetalPerformanceShaders.framework/Versions/A/Frameworks/MPSNeuralNetwork.framework/Versions/A/MPSNeuralNetwork
0x00007ff823300000 	/System/Library/Frameworks/MetalPerformanceShaders.framework/Versions/A/Frameworks/MPSMatrix.framework/Versions/A/MPSMatrix
0x00007ff8230bc000 	/System/Library/Frameworks/MetalPerformanceShaders.framework/Versions/A/Frameworks/MPSRayIntersector.framework/Versions/A/MPSRayIntersector
0x00007ff823339000 	/System/Library/Frameworks/MetalPerformanceShaders.framework/Versions/A/Frameworks/MPSNDArray.framework/Versions/A/MPSNDArray
0x00007ffa34fce000 	/System/Library/Frameworks/MetalPerformanceShaders.framework/Versions/A/Frameworks/MPSFunctions.framework/Versions/A/MPSFunctions
0x00007ff819144000 	/System/Library/PrivateFrameworks/MetalTools.framework/Versions/A/MetalTools
0x00007ff821fcf000 	/System/Library/PrivateFrameworks/AggregateDictionary.framework/Versions/A/AggregateDictionary
0x00007ff8241c6000 	/usr/lib/libIOReport.dylib
0x00007ffa31a05000 	/System/Library/Frameworks/OpenCL.framework/Versions/A/OpenCL
0x00007ff82452a000 	/System/Library/PrivateFrameworks/FaceCore.framework/Versions/A/FaceCore
0x00007ff82451b000 	/System/Library/PrivateFrameworks/GraphVisualizer.framework/Versions/A/GraphVisualizer
0x00007ffb1c3c8000 	/System/Library/PrivateFrameworks/FontServices.framework/Versions/A/FontServices
0x00007ff824947000 	/System/Library/PrivateFrameworks/OTSVG.framework/Versions/A/OTSVG
0x00007ff81fdb4000 	/System/Library/Frameworks/ApplicationServices.framework/Versions/A/Frameworks/ATS.framework/Versions/A/Resources/libFontRegistry.dylib
0x00007ff824998000 	/System/Library/PrivateFrameworks/FontServices.framework/libhvf.dylib
0x00007ffb1c3c9000 	/System/Library/PrivateFrameworks/FontServices.framework/libXTFontStaticRegistryData.dylib
0x00007ff824394000 	/System/Library/PrivateFrameworks/AppleVA.framework/Versions/A/AppleVA
0x00007ff8264ae000 	/System/Library/Frameworks/ApplicationServices.framework/Versions/A/Frameworks/ATS.framework/Versions/A/ATS
0x00007ff81e487000 	/System/Library/Frameworks/ApplicationServices.framework/Versions/A/Frameworks/HIServices.framework/Versions/A/HIServices
0x00007ff825490000 	/System/Library/Frameworks/ApplicationServices.framework/Versions/A/Frameworks/PrintCore.framework/Versions/A/PrintCore
0x00007ff82682d000 	/System/Library/Frameworks/ApplicationServices.framework/Versions/A/Frameworks/QD.framework/Versions/A/QD
0x00007ff826825000 	/System/Library/Frameworks/ApplicationServices.framework/Versions/A/Frameworks/ColorSyncLegacy.framework/Versions/A/ColorSyncLegacy
0x00007ff82649e000 	/System/Library/Frameworks/ApplicationServices.framework/Versions/A/Frameworks/SpeechSynthesis.framework/Versions/A/SpeechSynthesis
0x00007ff825451000 	/System/Library/Frameworks/ApplicationServices.framework/Versions/A/Frameworks/ATSUI.framework/Versions/A/ATSUI
0x00007ff8267ba000 	/usr/lib/libcups.2.dylib
0x00007ff826b7d000 	/System/Library/Frameworks/Kerberos.framework/Versions/A/Kerberos
0x00007ff826b8c000 	/System/Library/Frameworks/GSS.framework/Versions/A/GSS
0x00007ff82651a000 	/usr/lib/libresolv.9.dylib
0x00007ff8249a7000 	/System/Library/PrivateFrameworks/Heimdal.framework/Versions/A/Heimdal
0x00007ff82d630000 	/System/Library/Frameworks/Kerberos.framework/Versions/A/Libraries/libHeimdalProxy.dylib
0x00007ff81f156000 	/System/Library/Frameworks/Network.framework/Versions/A/Network
0x00007ff8243fe000 	/usr/lib/libheimdal-asn1.dylib
0x00007ff826bd7000 	/System/Library/PrivateFrameworks/CommonAuth.framework/Versions/A/CommonAuth
0x00007ff82641f000 	/System/Library/PrivateFrameworks/AudioSession.framework/Versions/A/AudioSession
0x00007ff82448e000 	/System/Library/PrivateFrameworks/MediaExperience.framework/Versions/A/MediaExperience
0x00007ff8262b3000 	/System/Library/PrivateFrameworks/AudioSession.framework/libSessionUtility.dylib
0x00007ff826839000 	/System/Library/PrivateFrameworks/AudioResourceArbitration.framework/Versions/A/AudioResourceArbitration
0x00007ff824407000 	/System/Library/PrivateFrameworks/IconFoundation.framework/Versions/A/IconFoundation
0x00007ff829613000 	/System/Library/PrivateFrameworks/SpeechRecognitionCore.framework/Versions/A/SpeechRecognitionCore
0x000000010e396000 	/Library/Java/JavaVirtualMachines/jdk1.8.0_172.jdk/Contents/Home/jre/lib/server/libjvm.dylib
0x00007ffb2e954000 	/usr/lib/libstdc++.6.dylib
0x000000010d424000 	/Library/Java/JavaVirtualMachines/jdk1.8.0_172.jdk/Contents/Home/jre/lib/libverify.dylib
0x000000010d468000 	/Library/Java/JavaVirtualMachines/jdk1.8.0_172.jdk/Contents/Home/jre/lib/libjava.dylib
0x000000010d49e000 	/Library/Java/JavaVirtualMachines/jdk1.8.0_172.jdk/Contents/Home/jre/lib/libinstrument.dylib
0x000000010d43b000 	/Library/Java/JavaVirtualMachines/jdk1.8.0_172.jdk/Contents/Home/jre/lib/libzip.dylib
0x0000000113081000 	/Library/Java/JavaVirtualMachines/jdk1.8.0_172.jdk/Contents/Home/jre/lib/libnet.dylib
0x000000011312e000 	/Library/Java/JavaVirtualMachines/jdk1.8.0_172.jdk/Contents/Home/jre/lib/libprism_es2.dylib
0x00007ff81b2c1000 	/System/Library/PrivateFrameworks/CoreServicesInternal.framework/Versions/A/CoreServicesInternal
0x00007ffa30601000 	/System/Library/Frameworks/OpenGL.framework/Versions/A/Resources/GLEngine.bundle/GLEngine
0x00007ffa30463000 	/System/Library/Frameworks/OpenGL.framework/Versions/A/Libraries/libGLProgrammability.dylib
0x0000000113345000 	/System/Library/Extensions/AMDRadeonX4000GLDriver.bundle/Contents/MacOS/AMDRadeonX4000GLDriver
0x00007ff927f48000 	/System/Library/PrivateFrameworks/GPUSupport.framework/Versions/A/Libraries/libGPUSupportMercury.dylib
0x00007ffa33664000 	/System/Library/Extensions/AMDRadeonX4000GLDriver.bundle/Contents/MacOS/ATIRadeonX4000SCLib.dylib
0x00007ffa22f68000 	/System/Library/Extensions/AMDShared.bundle/Contents/PlugIns/libSC.dylib
0x00007ffa30790000 	/System/Library/Frameworks/OpenGL.framework/Versions/A/Resources/GLRendererFloat.bundle/GLRendererFloat
0x0000000113266000 	/Library/Java/JavaVirtualMachines/jdk1.8.0_172.jdk/Contents/Home/jre/lib/libglass.dylib
0x00007ff82ade4000 	/System/Library/Frameworks/FileProvider.framework/Versions/A/FileProvider
0x00007ff81ef35000 	/System/Library/Frameworks/Accounts.framework/Versions/A/Accounts
0x00007ff82af5c000 	/System/Library/PrivateFrameworks/GenerationalStorage.framework/Versions/A/GenerationalStorage
0x00007ff82ba69000 	/System/Library/PrivateFrameworks/CoreSymbolication.framework/Versions/A/CoreSymbolication
0x00007ff82a7e8000 	/System/Library/PrivateFrameworks/SymptomDiagnosticReporter.framework/Versions/A/SymptomDiagnosticReporter
0x00007ff81c580000 	/System/Library/PrivateFrameworks/DesktopServicesPriv.framework/Versions/A/DesktopServicesPriv
0x00007ff81b402000 	/usr/lib/libsandbox.1.dylib
0x00007ff82024a000 	/System/Library/PrivateFrameworks/UserManagement.framework/Versions/A/UserManagement
0x00007ff82ba2e000 	/System/Library/PrivateFrameworks/DebugSymbols.framework/Versions/A/DebugSymbols
0x00007ff82681a000 	/System/Library/PrivateFrameworks/NetAuth.framework/Versions/A/NetAuth
0x00007ff827706000 	/System/Library/PrivateFrameworks/Sharing.framework/Versions/A/Sharing
0x00007ff82021d000 	/System/Library/PrivateFrameworks/login.framework/Versions/A/Frameworks/loginsupport.framework/Versions/A/loginsupport
0x00007ff82cb66000 	/System/Library/PrivateFrameworks/Apple80211.framework/Versions/A/Apple80211
0x00007ff8234b9000 	/System/Library/PrivateFrameworks/AuthKit.framework/Versions/A/AuthKit
0x00007ff822b18000 	/System/Library/PrivateFrameworks/CoreUtils.framework/Versions/A/CoreUtils
0x00007ff822a3f000 	/System/Library/Frameworks/CoreWLAN.framework/Versions/A/CoreWLAN
0x00007ff827861000 	/System/Library/Frameworks/IOBluetooth.framework/Versions/A/IOBluetooth
0x00007ff82cbce000 	/System/Library/PrivateFrameworks/CoreWiFi.framework/Versions/A/CoreWiFi
0x00007ff82b603000 	/System/Library/PrivateFrameworks/FrontBoardServices.framework/Versions/A/FrontBoardServices
0x00007ff82b695000 	/System/Library/PrivateFrameworks/BoardServices.framework/Versions/A/BoardServices
0x00007ff822d32000 	/System/Library/PrivateFrameworks/AssertionServices.framework/Versions/A/AssertionServices
0x00007ff82cd52000 	/System/Library/PrivateFrameworks/BackBoardServices.framework/Versions/A/BackBoardServices
0x00007ff826c66000 	/System/Library/PrivateFrameworks/CorePhoneNumbers.framework/Versions/A/CorePhoneNumbers
0x00007ff82a905000 	/System/Library/PrivateFrameworks/DiskManagement.framework/Versions/A/DiskManagement
0x00007ff82a819000 	/System/Library/PrivateFrameworks/AppleIDAuthSupport.framework/Versions/A/AppleIDAuthSupport
0x00007ffa36f34000 	/System/Library/PrivateFrameworks/AAAFoundation.framework/Versions/A/AAAFoundation
0x00007ff826c47000 	/System/Library/PrivateFrameworks/KeychainCircle.framework/Versions/A/KeychainCircle
0x00007ff82a8d1000 	/System/Library/PrivateFrameworks/MediaKit.framework/Versions/A/MediaKit
0x00007ff82a825000 	/System/Library/Frameworks/DiscRecording.framework/Versions/A/DiscRecording
0x00007ff82430c000 	/usr/lib/libCoreStorage.dylib
0x00007ff82d03f000 	/usr/lib/libcsfde.dylib
0x00007ff82792e000 	/System/Library/PrivateFrameworks/ProtectedCloudStorage.framework/Versions/A/ProtectedCloudStorage
0x00007ff82d03b000 	/System/Library/PrivateFrameworks/EFILogin.framework/Versions/A/EFILogin
0x00007ff82af82000 	/System/Library/PrivateFrameworks/OctagonTrust.framework/Versions/A/OctagonTrust
0x00007ffb1b702000 	/System/Library/PrivateFrameworks/CoreUtilsExtras.framework/Versions/A/CoreUtilsExtras
0x00007ff82a758000 	/System/Library/Frameworks/CoreBluetooth.framework/Versions/A/CoreBluetooth
0x00007ff82d6b5000 	/System/Library/Frameworks/AudioUnit.framework/Versions/A/AudioUnit
0x00007ff824304000 	/usr/lib/libMatch.1.dylib
0x00007ff922532000 	/System/Library/Frameworks/Accelerate.framework/Versions/A/Frameworks/vImage.framework/Versions/A/Libraries/libCGInterfaces.dylib
0x00000001154b0000 	/usr/lib/libobjc-trampolines.dylib
0x00007ff82fb8c000 	/System/Library/PrivateFrameworks/FamilyControls.framework/Versions/A/FamilyControls
0x00007ff82fbb0000 	/System/Library/PrivateFrameworks/CommerceKit.framework/Versions/A/Frameworks/CommerceCore.framework/Versions/A/CommerceCore
0x00007ff829cda000 	/System/Library/PrivateFrameworks/SystemAdministration.framework/Versions/A/SystemAdministration
0x00007ff827915000 	/System/Library/PrivateFrameworks/AppContainer.framework/Versions/A/AppContainer
0x00007ff82792a000 	/System/Library/PrivateFrameworks/SecCodeWrapper.framework/Versions/A/SecCodeWrapper
0x00007ff8241ce000 	/System/Library/PrivateFrameworks/CrashReporterSupport.framework/Versions/A/CrashReporterSupport
0x00007ff929df7000 	/System/Library/PrivateFrameworks/OSAnalytics.framework/Versions/A/OSAnalytics
0x00007ff934ead000 	/System/Library/PrivateFrameworks/Symbolication.framework/Versions/A/Symbolication
0x00007ff91e13c000 	/System/Library/PrivateFrameworks/MallocStackLogging.framework/Versions/A/MallocStackLogging
0x00007ff824a61000 	/System/Library/PrivateFrameworks/login.framework/Versions/A/login
0x00007ff8256b8000 	/System/Library/Frameworks/MediaToolbox.framework/Versions/A/MediaToolbox
0x00007ff8295df000 	/System/Library/Frameworks/DirectoryService.framework/Versions/A/DirectoryService
0x00007ff82cede000 	/System/Library/PrivateFrameworks/DiskImages.framework/Versions/A/DiskImages
0x00007ff822dda000 	/System/Library/Frameworks/ServiceManagement.framework/Versions/A/ServiceManagement
0x00007ff82d0b7000 	/System/Library/PrivateFrameworks/LoginUIKit.framework/Versions/A/Frameworks/LoginUICore.framework/Versions/A/LoginUICore
0x00007ff824c0f000 	/usr/lib/libodfde.dylib
0x00007ff82adb4000 	/System/Library/PrivateFrameworks/CoreAVCHD.framework/Versions/A/CoreAVCHD
0x00007ff829c9e000 	/System/Library/Frameworks/MediaAccessibility.framework/Versions/A/MediaAccessibility
0x00007ff82adb0000 	/System/Library/PrivateFrameworks/Mangrove.framework/Versions/A/Mangrove
0x00007ff829ca9000 	/System/Library/PrivateFrameworks/AlgosScoreFramework.framework/Versions/A/AlgosScoreFramework
0x00007ffb18b6a000 	/System/Library/PrivateFrameworks/CMPhoto.framework/Versions/A/CMPhoto
0x00007ff82b904000 	/System/Library/PrivateFrameworks/AppleVPA.framework/Versions/A/AppleVPA
0x00007ff82a9f5000 	/System/Library/PrivateFrameworks/CoreAUC.framework/Versions/A/CoreAUC
0x00007ff82d04b000 	/usr/lib/libcurl.4.dylib
0x00007ff82cdaa000 	/usr/lib/libcrypto.44.dylib
0x00007ff82ceb1000 	/usr/lib/libssl.46.dylib
0x00007ff82cd70000 	/System/Library/Frameworks/LDAP.framework/Versions/A/LDAP
0x00007ff82cda8000 	/System/Library/PrivateFrameworks/TrustEvaluationAgent.framework/Versions/A/TrustEvaluationAgent
0x00007ff826533000 	/usr/lib/libsasl2.2.dylib
0x00007ff829cce000 	/System/Library/PrivateFrameworks/CoreDaemon.framework/Versions/B/CoreDaemon
0x00007ff829cc9000 	/System/Library/PrivateFrameworks/AppleSRP.framework/Versions/A/AppleSRP
0x00007ff81ff44000 	/System/Library/PrivateFrameworks/ViewBridge.framework/Versions/A/ViewBridge
0x0000000116aeb000 	/Library/Java/JavaVirtualMachines/jdk1.8.0_172.jdk/Contents/Home/jre/lib/libjavafx_font.dylib
0x00007ffb2dfcc000 	/usr/lib/libRosetta.dylib
0x000000011881c000 	/Library/Java/JavaVirtualMachines/jdk1.8.0_172.jdk/Contents/Home/jre/lib/libprism_common.dylib
0x00000001184ee000 	/Library/Java/JavaVirtualMachines/jdk1.8.0_172.jdk/Contents/Home/jre/lib/libnio.dylib
0x0000000118526000 	/Library/Java/JavaVirtualMachines/jdk1.8.0_172.jdk/Contents/Home/jre/lib/libsunec.dylib

VM Arguments:
jvm_args: -javaagent:/Applications/IntelliJ IDEA CE.app/Contents/lib/idea_rt.jar=51314:/Applications/IntelliJ IDEA CE.app/Contents/bin -Dfile.encoding=UTF-8 
java_command: chapter_35.SQLClient
java_class_path (initial): /Library/Java/JavaVirtualMachines/jdk1.8.0_172.jdk/Contents/Home/jre/lib/charsets.jar:/Library/Java/JavaVirtualMachines/jdk1.8.0_172.jdk/Contents/Home/jre/lib/deploy.jar:/Library/Java/JavaVirtualMachines/jdk1.8.0_172.jdk/Contents/Home/jre/lib/ext/cldrdata.jar:/Library/Java/JavaVirtualMachines/jdk1.8.0_172.jdk/Contents/Home/jre/lib/ext/dnsns.jar:/Library/Java/JavaVirtualMachines/jdk1.8.0_172.jdk/Contents/Home/jre/lib/ext/jaccess.jar:/Library/Java/JavaVirtualMachines/jdk1.8.0_172.jdk/Contents/Home/jre/lib/ext/jfxrt.jar:/Library/Java/JavaVirtualMachines/jdk1.8.0_172.jdk/Contents/Home/jre/lib/ext/localedata.jar:/Library/Java/JavaVirtualMachines/jdk1.8.0_172.jdk/Contents/Home/jre/lib/ext/nashorn.jar:/Library/Java/JavaVirtualMachines/jdk1.8.0_172.jdk/Contents/Home/jre/lib/ext/sunec.jar:/Library/Java/JavaVirtualMachines/jdk1.8.0_172.jdk/Contents/Home/jre/lib/ext/sunjce_provider.jar:/Library/Java/JavaVirtualMachines/jdk1.8.0_172.jdk/Contents/Home/jre/lib/ext/sunpkcs11.jar:/Library/Java/JavaVirtualMachines/jdk1.8.0_172.jdk/Contents/Home/jre/lib/ext/zipfs.jar:/Library/Java/JavaVirtualMachines/jdk1.8.0_172.jdk/Contents/Home/jre/lib/javaws.jar:/Library/Java/JavaVirtualMachines/jdk1.8.0_172.jdk/Contents/Home/jre/lib/jce.jar:/Library/Java/JavaVirtualMachines/jdk1.8.0_172.jdk/Contents/Home/jre/lib/jfr.jar:/Library/Java/JavaVirtualMachines/jdk1.8.0_172.jdk/Contents/Home/jre/lib/jfxswt.jar:/Library/Java/JavaVirtualMachines/jdk1.8.0_172.jdk/Contents/Home/jre/lib/jsse.jar:/Library/Java/JavaVirtualMachines/jdk1.8.0_172.jdk/Contents/Home/jre/lib/management-agent.jar:/Library/Java/JavaVirtualMachines/jdk1.8.0_172.jdk/Contents/Home/jre/lib/plugin.jar:/Library/Java/JavaVirtualMachines/jdk1.8.0_172.jdk/Contents/Home/jre/lib/resources.jar:/Library/Java/JavaVirtualMachines/jdk1.8.0_172.jdk/Contents/Home/jre/lib/rt.jar:/Library/Java/JavaVirtualMachines/jdk1.8.0_172.jdk/Contents/Home/lib/ant-javafx.jar:/Library/Java/JavaVirtualMachines/jdk1.8.0_172.jdk/Contents/Home
Launcher Type: SUN_STANDARD

Environment Variables:
PATH=/usr/local/bin:/usr/bin:/bin:/usr/sbin:/sbin:/Library/Apple/usr/bin:/Library/Frameworks/Mono.framework/Versions/Current/Commands
SHELL=/bin/zsh

Signal Handlers:
SIGSEGV: [libjvm.dylib+0x5b6fd9], sa_mask[0]=11111111011111110111111111111111, sa_flags=SA_ONSTACK|SA_RESTART|SA_SIGINFO
SIGBUS: [libjvm.dylib+0x5b6fd9], sa_mask[0]=11111111011111110111111111111111, sa_flags=SA_RESTART|SA_SIGINFO
SIGFPE: [libjvm.dylib+0x48c8e8], sa_mask[0]=11111111011111110111111111111111, sa_flags=SA_RESTART|SA_SIGINFO
SIGPIPE: [libjvm.dylib+0x48c8e8], sa_mask[0]=11111111011111110111111111111111, sa_flags=SA_RESTART|SA_SIGINFO
SIGXFSZ: [libjvm.dylib+0x48c8e8], sa_mask[0]=11111111011111110111111111111111, sa_flags=SA_RESTART|SA_SIGINFO
SIGILL: [libjvm.dylib+0x48c8e8], sa_mask[0]=11111111011111110111111111111111, sa_flags=SA_RESTART|SA_SIGINFO
SIGUSR1: SIG_DFL, sa_mask[0]=00000000000000000000000000000000, sa_flags=none
SIGUSR2: [libjvm.dylib+0x48c406], sa_mask[0]=00100000000000000000000000000000, sa_flags=SA_RESTART|SA_SIGINFO
SIGHUP: [libjvm.dylib+0x48a9d1], sa_mask[0]=11111111011111110111111111111111, sa_flags=SA_RESTART|SA_SIGINFO
SIGINT: [libjvm.dylib+0x48a9d1], sa_mask[0]=11111111011111110111111111111111, sa_flags=SA_RESTART|SA_SIGINFO
SIGTERM: [libjvm.dylib+0x48a9d1], sa_mask[0]=11111111011111110111111111111111, sa_flags=SA_RESTART|SA_SIGINFO
SIGQUIT: [libjvm.dylib+0x48a9d1], sa_mask[0]=11111111011111110111111111111111, sa_flags=SA_RESTART|SA_SIGINFO


---------------  S Y S T E M  ---------------

OS:Bsduname:Darwin 21.1.0 Darwin Kernel Version 21.1.0: Wed Oct 13 17:33:23 PDT 2021; root:xnu-8019.41.5~1/RELEASE_X86_64 x86_64
rlimit: STACK 8192k, CORE 0k, NPROC 4176, NOFILE 10240, AS infinity
load average:3.09 3.31 7.91

CPU:total 4 (initial active 4) (4 cores per cpu, 1 threads per core) family 6 model 94 stepping 3, cmov, cx8, fxsr, mmx, sse, sse2, sse3, ssse3, sse4.1, sse4.2, popcnt, avx, avx2, aes, clmul, erms, rtm, 3dnowpref, lzcnt, tsc, tscinvbit, bmi1, bmi2, adx

Memory: 4k page, physical 25165824k(309952k free)

/proc/meminfo:


vm_info: Java HotSpot(TM) 64-Bit Server VM (25.172-b11) for bsd-amd64 JRE (1.8.0_172-b11), built on Mar 28 2018 15:38:02 by "java_re" with gcc 4.2.1 (Based on Apple Inc. build 5658) (LLVM build 2336.11.00)

time: Tue Dec 14 01:03:06 2021
elapsed time: 23 seconds (0d 0h 0m 23s)

