#
# A fatal error has been detected by the Java Runtime Environment:
#
#  SIGBUS (0xa) at pc=0x000000010a9a8ba4, pid=27306, tid=0x0000000000000103
#
# JRE version: Java(TM) SE Runtime Environment (8.0_172-b11) (build 1.8.0_172-b11)
# Java VM: Java HotSpot(TM) 64-Bit Server VM (25.172-b11 mixed mode bsd-amd64 compressed oops)
# Problematic frame:
# J 3667 C1 com.sun.javafx.scene.control.skin.VirtualFlow.getAvailableCell(I)Ljavafx/scene/control/IndexedCell; (277 bytes) @ 0x000000010a9a8ba4 [0x000000010a9a6c20+0x1f84]
#
# Failed to write core dump. Core dumps have been disabled. To enable core dumping, try "ulimit -c unlimited" before starting Java again
#
# If you would like to submit a bug report, please visit:
#   http://bugreport.java.com/bugreport/crash.jsp
# The crash happened outside the Java Virtual Machine in native code.
# See problematic frame for where to report the bug.
#

---------------  T H R E A D  ---------------

Current thread (0x00007fb1daa1e800):  JavaThread "JavaFX Application Thread" [_thread_in_native, id=259, stack(0x00007ff7be887000,0x00007ff7bf087000)]

siginfo: si_signo: 10 (SIGBUS), si_code: 2 (BUS_ADRERR), si_addr: 0x0000000100fb1100

Registers:
RAX=0x0000000746379290, RBX=0x00000007c01c9b88, RCX=0x000000000003da70, RDX=0x0000000128730ca0
RSP=0x00007ff7bf080698, RBP=0x00007ff7bf080a80, RSI=0x0000000000000720, RDI=0x0000000000000900
R8 =0x0000000000000064, R9 =0x0000000746425190, R10=0x0000000000000000, R11=0x0000000746379290
R12=0x0000000000000000, R13=0x000000000001569a, R14=0x000000000000008d, R15=0x00007fb1daa1e800
RIP=0x000000010a9a8ba4, EFLAGS=0x0000000000010206, ERR=0x0000000000000004
  TRAPNO=0x000000000000000e

Top of Stack: (sp=0x00007ff7bf080698)
0x00007ff7bf080698:   000000010aba61f4 000000074635c2d0
0x00007ff7bf0806a8:   0000000700000000 0000000746018ab0
0x00007ff7bf0806b8:   000000100000000a 00007ff7bf080a80
0x00007ff7bf0806c8:   0000000640001ce0 0000000746425080
0x00007ff7bf0806d8:   00000007e8c6b898 0000000740003800
0x00007ff7bf0806e8:   00000007e8c6b787 000000074635bec8
0x00007ff7bf0806f8:   000000074635bec8 0000000000000000
0x00007ff7bf080708:   0000000746018db8 0000000746018ab0
0x00007ff7bf080718:   000000010a9ad1a4 00007ff7bf080a80
0x00007ff7bf080728:   000000010aa95f3c 0000000000000000
0x00007ff7bf080738:   0000000000000000 000000074635bec8
0x00007ff7bf080748:   0000000746018ab0 0000000100000236
0x00007ff7bf080758:   0000000740003800 000000074638b580
0x00007ff7bf080768:   405c800000000000 c080271cbf59e2bd
0x00007ff7bf080778:   00000007e80006fb 000000074635bec8
0x00007ff7bf080788:   000000010ab7f9e4 0000000746018ab0
0x00007ff7bf080798:   00000007c0001ef8 4070500000000000
0x00007ff7bf0807a8:   0000000746018ab0 000000074637faf0
0x00007ff7bf0807b8:   0000000746018ab0 0000000746018db8
0x00007ff7bf0807c8:   4083980000000000 c03e000000000000
0x00007ff7bf0807d8:   c02c000000000000 406f600000000000
0x00007ff7bf0807e8:   0000000746379290 4039000000000000
0x00007ff7bf0807f8:   000000074638af40 00007ff7bf080a80
0x00007ff7bf080808:   000000010ab6bb7c c080271cbf59e2bd
0x00007ff7bf080818:   4064000000000000 000000074601a300
0x00007ff7bf080828:   000000010a833ba0 0000000746019358
0x00007ff7bf080838:   000000074601a300 000000074636d358
0x00007ff7bf080848:   0000000000000000 00000000e8c00ae7
0x00007ff7bf080858:   000000010aaaa234 4064000000000000
0x00007ff7bf080868:   4080271cbf59e2bd 00000000e8c00ae7
0x00007ff7bf080878:   000000010a833de4 000000074601a300
0x00007ff7bf080888:   0000000746019590 000000074636d358 

Instructions: (pc=0x000000010a9a8ba4)
0x000000010a9a8b84:   90 48 b8 ff ff ff ff ff ff ff ff e8 4c e7 43 ff
0x000000010a9a8b94:   48 8b 84 24 c0 00 00 00 48 81 c4 00 01 00 00 5d
0x000000010a9a8ba4:   85 05 56 85 60 f6 c3 89 9c 24 a0 00 00 00 89 bc
0x000000010a9a8bb4:   24 a4 00 00 00 0f 1f 80 00 00 00 00 e9 1c 05 00 

Register to memory mapping:

RAX=0x0000000746379290 is an oop
com.sun.javafx.scene.control.skin.ComboBoxListViewSkin$2$1 
 - klass: 'com/sun/javafx/scene/control/skin/ComboBoxListViewSkin$2$1'
RBX=0x00000007c01c9b88 is pointing into metadata
RCX=0x000000000003da70 is an unknown value
RDX=0x0000000128730ca0 is pointing into metadata
RSP=0x00007ff7bf080698 is pointing into the stack for thread: 0x00007fb1daa1e800
RBP=0x00007ff7bf080a80 is pointing into the stack for thread: 0x00007fb1daa1e800
RSI=0x0000000000000720 is an unknown value
RDI=0x0000000000000900 is an unknown value
R8 =0x0000000000000064 is an unknown value
R9 =0x0000000746425190 is an oop
java.util.ArrayList 
 - klass: 'java/util/ArrayList'
R10=0x0000000000000000 is an unknown value
R11=0x0000000746379290 is an oop
com.sun.javafx.scene.control.skin.ComboBoxListViewSkin$2$1 
 - klass: 'com/sun/javafx/scene/control/skin/ComboBoxListViewSkin$2$1'
R12=0x0000000000000000 is an unknown value
R13=0x000000000001569a is an unknown value
R14=0x000000000000008d is an unknown value
R15=0x00007fb1daa1e800 is a thread


Stack: [0x00007ff7be887000,0x00007ff7bf087000],  sp=0x00007ff7bf080698,  free space=8165k
Native frames: (J=compiled Java code, j=interpreted, Vv=VM code, C=native code)
J 3667 C1 com.sun.javafx.scene.control.skin.VirtualFlow.getAvailableCell(I)Ljavafx/scene/control/IndexedCell; (277 bytes) @ 0x000000010a9a8ba4 [0x000000010a9a6c20+0x1f84]
C  0x4070500000000000


---------------  P R O C E S S  ---------------

Java Threads: ( => current thread )
  0x00007fb1db98a800 JavaThread "Attach Listener" daemon [_thread_blocked, id=53255, stack(0x000070000d49b000,0x000070000d59b000)]
  0x00007fb1dc0fc000 JavaThread "Prism Font Disposer" daemon [_thread_blocked, id=81507, stack(0x000070000d398000,0x000070000d498000)]
  0x00007fb1da1a1000 JavaThread "JavaFX-Launcher" [_thread_blocked, id=50955, stack(0x000070000d295000,0x000070000d395000)]
  0x00007fb1da1a5000 JavaThread "Thread-3" daemon [_thread_in_native, id=35599, stack(0x000070000d10c000,0x000070000d18c000)]
=>0x00007fb1daa1e800 JavaThread "JavaFX Application Thread" [_thread_in_native, id=259, stack(0x00007ff7be887000,0x00007ff7bf087000)]
  0x00007fb1daa1d800 JavaThread "Thread-1" daemon [_thread_blocked, id=24075, stack(0x000070000cf86000,0x000070000d086000)]
  0x00007fb1da16e800 JavaThread "QuantumRenderer-0" daemon [_thread_blocked, id=17155, stack(0x000070000ce83000,0x000070000cf83000)]
  0x00007fb1da85b800 JavaThread "Service Thread" daemon [_thread_blocked, id=17667, stack(0x000070000cc7d000,0x000070000cd7d000)]
  0x00007fb1da0ce800 JavaThread "C1 CompilerThread2" daemon [_thread_in_native, id=18179, stack(0x000070000cb7a000,0x000070000cc7a000)]
  0x00007fb1db8b8800 JavaThread "C2 CompilerThread1" daemon [_thread_blocked, id=18435, stack(0x000070000ca77000,0x000070000cb77000)]
  0x00007fb1db834800 JavaThread "C2 CompilerThread0" daemon [_thread_blocked, id=18947, stack(0x000070000c974000,0x000070000ca74000)]
  0x00007fb1da083000 JavaThread "Monitor Ctrl-Break" daemon [_thread_in_native, id=13571, stack(0x000070000c871000,0x000070000c971000)]
  0x00007fb1db80b800 JavaThread "Signal Dispatcher" daemon [_thread_blocked, id=13059, stack(0x000070000c76e000,0x000070000c86e000)]
  0x00007fb1da82c800 JavaThread "Finalizer" daemon [_thread_blocked, id=11011, stack(0x000070000c565000,0x000070000c665000)]
  0x00007fb1da82c000 JavaThread "Reference Handler" daemon [_thread_blocked, id=20739, stack(0x000070000c462000,0x000070000c562000)]
  0x00007fb1dc00c000 JavaThread "main" [_thread_blocked, id=4355, stack(0x000070000be50000,0x000070000bf50000)]

Other Threads:
  0x00007fb1da00f000 VMThread [stack: 0x000070000c35f000,0x000070000c45f000] [id=21251]
  0x00007fb1da84d800 WatcherThread [stack: 0x000070000cd80000,0x000070000ce80000] [id=17411]

VM state:not at safepoint (normal execution)

VM Mutex/Monitor currently owned by a thread: None

Heap:
 PSYoungGen      total 114688K, used 11603K [0x0000000740000000, 0x0000000748000000, 0x00000007c0000000)
  eden space 98304K, 3% used [0x0000000740000000,0x0000000740392330,0x0000000746000000)
  from space 16384K, 48% used [0x0000000746000000,0x00000007467c2ad0,0x0000000747000000)
  to   space 16384K, 0% used [0x0000000747000000,0x0000000747000000,0x0000000748000000)
 ParOldGen       total 262144K, used 24K [0x0000000640000000, 0x0000000650000000, 0x0000000740000000)
  object space 262144K, 0% used [0x0000000640000000,0x0000000640006000,0x0000000650000000)
 Metaspace       used 17402K, capacity 18332K, committed 18560K, reserved 1064960K
  class space    used 2222K, capacity 2412K, committed 2432K, reserved 1048576K

Card table byte_map: [0x0000000102ee5000,0x0000000103ae6000] byte_map_base: 0x00000000ffce5000

Marking Bits: (ParMarkBitMap*) 0x000000010282aae0
 Begin Bits: [0x0000000118da1000, 0x000000011eda1000)
 End Bits:   [0x000000011eda1000, 0x0000000124da1000)

Polling page: 0x0000000100fb1000

CodeCache: size=245760Kb used=14780Kb max_used=14780Kb free=230979Kb
 bounds [0x0000000109da1000, 0x000000010ac21000, 0x0000000118da1000]
 total_blobs=4870 nmethods=4201 adapters=582
 compilation: enabled

Compilation events (10 events):
Event: 23.879 Thread 0x00007fb1da0ce800 nmethod 4246 0x000000010ac12150 code [0x000000010ac122e0, 0x000000010ac125f8]
Event: 23.879 Thread 0x00007fb1da0ce800 4247       3       java.util.concurrent.locks.AbstractQueuedSynchronizer::releaseShared (16 bytes)
Event: 23.879 Thread 0x00007fb1da0ce800 nmethod 4247 0x000000010ac11c90 code [0x000000010ac11e20, 0x000000010ac120b8]
Event: 23.879 Thread 0x00007fb1db8b8800 nmethod 4245 0x000000010ac0e8d0 code [0x000000010ac0ea20, 0x000000010ac0eab8]
Event: 23.884 Thread 0x00007fb1db834800 nmethod 4240 0x000000010ac17410 code [0x000000010ac17660, 0x000000010ac17f88]
Event: 23.894 Thread 0x00007fb1db8b8800 4248       4       com.sun.javafx.geom.RectBounds::intersectWith (33 bytes)
Event: 23.897 Thread 0x00007fb1db8b8800 nmethod 4248 0x000000010ac15d10 code [0x000000010ac15ec0, 0x000000010ac163d8]
Event: 23.918 Thread 0x00007fb1da0ce800 4249       1       java.util.concurrent.atomic.AtomicLong::addAndGet (14 bytes)
Event: 23.918 Thread 0x00007fb1da0ce800 nmethod 4249 0x000000010ac17150 code [0x000000010ac172a0, 0x000000010ac173b0]
Event: 23.918 Thread 0x00007fb1da0ce800 4251   !   3       java.lang.ref.Reference::tryHandlePending (115 bytes)

GC Heap History (2 events):
Event: 23.909 GC heap before
{Heap before GC invocations=1 (full 0):
 PSYoungGen      total 114688K, used 98304K [0x0000000740000000, 0x0000000748000000, 0x00000007c0000000)
  eden space 98304K, 100% used [0x0000000740000000,0x0000000746000000,0x0000000746000000)
  from space 16384K, 0% used [0x0000000747000000,0x0000000747000000,0x0000000748000000)
  to   space 16384K, 0% used [0x0000000746000000,0x0000000746000000,0x0000000747000000)
 ParOldGen       total 262144K, used 0K [0x0000000640000000, 0x0000000650000000, 0x0000000740000000)
  object space 262144K, 0% used [0x0000000640000000,0x0000000640000000,0x0000000650000000)
 Metaspace       used 17395K, capacity 18268K, committed 18304K, reserved 1064960K
  class space    used 2222K, capacity 2412K, committed 2432K, reserved 1048576K
Event: 23.918 GC heap after
Heap after GC invocations=1 (full 0):
 PSYoungGen      total 114688K, used 7946K [0x0000000740000000, 0x0000000748000000, 0x00000007c0000000)
  eden space 98304K, 0% used [0x0000000740000000,0x0000000740000000,0x0000000746000000)
  from space 16384K, 48% used [0x0000000746000000,0x00000007467c2ad0,0x0000000747000000)
  to   space 16384K, 0% used [0x0000000747000000,0x0000000747000000,0x0000000748000000)
 ParOldGen       total 262144K, used 24K [0x0000000640000000, 0x0000000650000000, 0x0000000740000000)
  object space 262144K, 0% used [0x0000000640000000,0x0000000640006000,0x0000000650000000)
 Metaspace       used 17395K, capacity 18268K, committed 18304K, reserved 1064960K
  class space    used 2222K, capacity 2412K, committed 2432K, reserved 1048576K
}

Deoptimization events (10 events):
Event: 10.999 Thread 0x00007fb1daa1e800 Uncommon trap: reason=unstable_if action=reinterpret pc=0x000000010a250410 method=com.sun.javafx.text.ScriptMapper.isComplexCharCode(I)Z @ 4
Event: 11.016 Thread 0x00007fb1daa1e800 Uncommon trap: reason=unstable_if action=reinterpret pc=0x000000010a220c7c method=com.sun.javafx.font.LogicalFont.getSlotResource(I)Lcom/sun/javafx/font/FontResource; @ 1
Event: 11.016 Thread 0x00007fb1daa1e800 Uncommon trap: reason=class_check action=maybe_recompile pc=0x000000010a250d58 method=java.lang.Character.isIdeographic(I)Z @ 5
Event: 11.016 Thread 0x00007fb1daa1e800 Uncommon trap: reason=class_check action=maybe_recompile pc=0x000000010a250d58 method=java.lang.Character.isIdeographic(I)Z @ 5
Event: 11.016 Thread 0x00007fb1daa1e800 Uncommon trap: reason=class_check action=maybe_recompile pc=0x000000010a250d58 method=java.lang.Character.isIdeographic(I)Z @ 5
Event: 11.017 Thread 0x00007fb1daa1e800 Uncommon trap: reason=class_check action=maybe_recompile pc=0x000000010a23aae4 method=java.lang.Character.isIdeographic(I)Z @ 5
Event: 13.473 Thread 0x00007fb1da16e800 Uncommon trap: reason=unstable_if action=reinterpret pc=0x000000010a6e4454 method=com.sun.prism.impl.BaseContext.flushMask()V @ 4
Event: 18.277 Thread 0x00007fb1daa1e800 Uncommon trap: reason=null_check action=make_not_entrant pc=0x000000010a7da524 method=javafx.scene.Node$MiscProperties.getEffect()Ljavafx/scene/effect/Effect; @ 20
Event: 18.277 Thread 0x00007fb1daa1e800 Uncommon trap: reason=unstable_if action=reinterpret pc=0x000000010a773b28 method=com.sun.javafx.text.PrismTextLayout.initCache()V @ 105
Event: 18.855 Thread 0x00007fb1daa1e800 Uncommon trap: reason=unstable_if action=reinterpret pc=0x000000010a85c974 method=javafx.scene.Parent$1.onChanged(Ljavafx/collections/ListChangeListener$Change;)V @ 375

Classes redefined (0 events):
No events

Internal exceptions (10 events):
Event: 0.184 Thread 0x00007fb1dc00c000 Exception <a 'java/security/PrivilegedActionException'> (0x000000074074a848) thrown at [/Users/java_re/workspace/8-2-build-macosx-x86_64/jdk8u172/10810/hotspot/src/share/vm/prims/jvm.cpp, line 1435]
Event: 0.184 Thread 0x00007fb1dc00c000 Exception <a 'java/security/PrivilegedActionException'> (0x000000074074aa58) thrown at [/Users/java_re/workspace/8-2-build-macosx-x86_64/jdk8u172/10810/hotspot/src/share/vm/prims/jvm.cpp, line 1435]
Event: 0.184 Thread 0x00007fb1dc00c000 Exception <a 'java/security/PrivilegedActionException'> (0x000000074074dd88) thrown at [/Users/java_re/workspace/8-2-build-macosx-x86_64/jdk8u172/10810/hotspot/src/share/vm/prims/jvm.cpp, line 1435]
Event: 0.184 Thread 0x00007fb1dc00c000 Exception <a 'java/security/PrivilegedActionException'> (0x000000074074df98) thrown at [/Users/java_re/workspace/8-2-build-macosx-x86_64/jdk8u172/10810/hotspot/src/share/vm/prims/jvm.cpp, line 1435]
Event: 0.184 Thread 0x00007fb1dc00c000 Exception <a 'java/lang/NullPointerException'> (0x000000074074e9a0) thrown at [/Users/java_re/workspace/8-2-build-macosx-x86_64/jdk8u172/10810/hotspot/src/share/vm/interpreter/linkResolver.cpp, line 1185]
Event: 0.615 Thread 0x00007fb1daa1e800 Exception <a 'java/lang/NullPointerException'> (0x00000007417fca98) thrown at [/Users/java_re/workspace/8-2-build-macosx-x86_64/jdk8u172/10810/hotspot/src/share/vm/interpreter/linkResolver.cpp, line 1185]
Event: 0.615 Thread 0x00007fb1daa1e800 Exception <a 'java/lang/NullPointerException'> (0x00000007417fca98) thrown at [/Users/java_re/workspace/8-2-build-macosx-x86_64/jdk8u172/10810/hotspot/src/share/vm/prims/jvm.cpp, line 1439]
Event: 1.085 Thread 0x00007fb1daa1e800 Implicit null exception at 0x000000010a05f839 to 0x000000010a06047d
Event: 1.815 Thread 0x00007fb1da16e800 Implicit null exception at 0x000000010a2519a9 to 0x000000010a251d95
Event: 18.277 Thread 0x00007fb1daa1e800 Implicit null exception at 0x000000010a7d9b90 to 0x000000010a7da509

Events (10 events):
Event: 21.323 Thread 0x00007fb1da0ce800 flushing nmethod 0x000000010a003050
Event: 21.323 Thread 0x00007fb1da0ce800 flushing nmethod 0x000000010a0081d0
Event: 21.323 Thread 0x00007fb1da0ce800 flushing nmethod 0x000000010a008590
Event: 21.323 Thread 0x00007fb1da0ce800 flushing nmethod 0x000000010a014cd0
Event: 21.323 Thread 0x00007fb1da0ce800 flushing nmethod 0x000000010a018310
Event: 21.323 Thread 0x00007fb1da0ce800 flushing nmethod 0x000000010a021050
Event: 23.909 Executing VM operation: ParallelGCFailedAllocation
Event: 23.918 Executing VM operation: ParallelGCFailedAllocation done
Event: 23.918 Thread 0x00007fb1da16e800 Uncommon trap: trap_request=0xffffff65 fr.pc=0x000000010aad3918
Event: 23.918 Executing VM operation: RevokeBias


Dynamic libraries:
0x00007ff81b0d4000 	/System/Library/Frameworks/Cocoa.framework/Versions/A/Cocoa
0x00007ff806f59000 	/System/Library/Frameworks/AppKit.framework/Versions/C/AppKit
0x00007ff80a44f000 	/System/Library/Frameworks/CoreData.framework/Versions/A/CoreData
0x00007ff805370000 	/System/Library/Frameworks/Foundation.framework/Versions/C/Foundation
0x00007ff80f20f000 	/usr/lib/libSystem.B.dylib
0x00007ff807de8000 	/System/Library/PrivateFrameworks/UIFoundation.framework/Versions/A/UIFoundation
0x00007ff815085000 	/System/Library/PrivateFrameworks/RemoteViewServices.framework/Versions/A/RemoteViewServices
0x00007ff80d475000 	/System/Library/PrivateFrameworks/XCTTargetBootstrap.framework/Versions/A/XCTTargetBootstrap
0x00007ff81101f000 	/System/Library/PrivateFrameworks/InternationalSupport.framework/Versions/A/InternationalSupport
0x00007ff8110a9000 	/System/Library/PrivateFrameworks/UserActivity.framework/Versions/A/UserActivity
0x00007ff8103ff000 	/usr/lib/libspindump.dylib
0x00007ff808076000 	/System/Library/Frameworks/UniformTypeIdentifiers.framework/Versions/A/UniformTypeIdentifiers
0x00007ff80bbb2000 	/usr/lib/libapp_launch_measurement.dylib
0x00007ff80ae1b000 	/System/Library/PrivateFrameworks/CoreAnalytics.framework/Versions/A/CoreAnalytics
0x00007ff80bbb5000 	/System/Library/PrivateFrameworks/CoreAutoLayout.framework/Versions/A/CoreAutoLayout
0x00007ff80cdd5000 	/System/Library/Frameworks/Metal.framework/Versions/A/Metal
0x00007ff80daeb000 	/usr/lib/liblangid.dylib
0x00007ff80d479000 	/System/Library/PrivateFrameworks/CoreSVG.framework/Versions/A/CoreSVG
0x00007ff80943d000 	/System/Library/PrivateFrameworks/SkyLight.framework/Versions/A/SkyLight
0x00007ff8097d0000 	/System/Library/Frameworks/CoreGraphics.framework/Versions/A/CoreGraphics
0x00007ff8156f4000 	/System/Library/Frameworks/Accelerate.framework/Versions/A/Accelerate
0x00007ff80fe7a000 	/System/Library/PrivateFrameworks/IconServices.framework/Versions/A/IconServices
0x00007ff80cdba000 	/System/Library/Frameworks/IOSurface.framework/Versions/A/IOSurface
0x00007ff80ae49000 	/usr/lib/libDiagnosticMessagesClient.dylib
0x00007ff80f12f000 	/usr/lib/libz.1.dylib
0x00007ff818d63000 	/System/Library/Frameworks/ApplicationServices.framework/Versions/A/ApplicationServices
0x00007ff80d461000 	/System/Library/PrivateFrameworks/DFRFoundation.framework/Versions/A/DFRFoundation
0x00007ff80684a000 	/usr/lib/libicucore.A.dylib
0x00007ff811d44000 	/System/Library/Frameworks/AudioToolbox.framework/Versions/A/AudioToolbox
0x00007ff81102b000 	/System/Library/PrivateFrameworks/DataDetectorsCore.framework/Versions/A/DataDetectorsCore
0x00007ff90c98a000 	/System/Library/PrivateFrameworks/TextInput.framework/Versions/A/TextInput
0x00007ff8093c1000 	/usr/lib/libMobileGestalt.dylib
0x00007ff80d169000 	/System/Library/Frameworks/Carbon.framework/Versions/A/Frameworks/HIToolbox.framework/Versions/A/HIToolbox
0x00007ff80b5df000 	/System/Library/Frameworks/QuartzCore.framework/Versions/A/QuartzCore
0x00007ff8064ea000 	/System/Library/Frameworks/Security.framework/Versions/A/Security
0x00007ff8150bd000 	/System/Library/Frameworks/Carbon.framework/Versions/A/Frameworks/SpeechRecognition.framework/Versions/A/SpeechRecognition
0x00007ff80b912000 	/System/Library/PrivateFrameworks/CoreUI.framework/Versions/A/CoreUI
0x00007ff805dc2000 	/System/Library/Frameworks/CoreAudio.framework/Versions/A/CoreAudio
0x00007ff80af37000 	/System/Library/Frameworks/DiskArbitration.framework/Versions/A/DiskArbitration
0x00007ff8107e6000 	/System/Library/PrivateFrameworks/MultitouchSupport.framework/Versions/A/MultitouchSupport
0x00007ff8093c0000 	/usr/lib/libenergytrace.dylib
0x00007ff806e45000 	/System/Library/Frameworks/IOKit.framework/Versions/A/IOKit
0x00007ff8154a9000 	/System/Library/Frameworks/CoreServices.framework/Versions/A/CoreServices
0x00007ff80bb4c000 	/System/Library/PrivateFrameworks/PerformanceAnalysis.framework/Versions/A/PerformanceAnalysis
0x00007ffa1c155000 	/System/Library/Frameworks/OpenGL.framework/Versions/A/OpenGL
0x00007ff80e760000 	/System/Library/PrivateFrameworks/MobileKeyBag.framework/Versions/A/MobileKeyBag
0x00007ff804331000 	/usr/lib/libobjc.A.dylib
0x00007ff809e9c000 	/System/Library/Frameworks/ColorSync.framework/Versions/A/ColorSync
0x00007ff8044ea000 	/System/Library/Frameworks/CoreFoundation.framework/Versions/A/CoreFoundation
0x00007ff80d6f2000 	/System/Library/Frameworks/CoreImage.framework/Versions/A/CoreImage
0x00007ff805bd8000 	/System/Library/Frameworks/CoreText.framework/Versions/A/CoreText
0x00007ff80d4a8000 	/System/Library/Frameworks/ImageIO.framework/Versions/A/ImageIO
0x00007ff80f215000 	/System/Library/PrivateFrameworks/SoftLinking.framework/Versions/A/SoftLinking
0x00007ff80bbfd000 	/usr/lib/libxml2.2.dylib
0x00007ff8043f7000 	/usr/lib/libc++.1.dylib
0x00007ff80f499000 	/usr/lib/libcompression.dylib
0x00007ff810f55000 	/System/Library/PrivateFrameworks/TextureIO.framework/Versions/A/TextureIO
0x00007ff80fb8c000 	/usr/lib/libate.dylib
0x00007ff80f20a000 	/usr/lib/system/libcache.dylib
0x00007ff80f1c6000 	/usr/lib/system/libcommonCrypto.dylib
0x00007ff80f1ef000 	/usr/lib/system/libcompiler_rt.dylib
0x00007ff80f1e5000 	/usr/lib/system/libcopyfile.dylib
0x00007ff80422b000 	/usr/lib/system/libcorecrypto.dylib
0x00007ff8042ea000 	/usr/lib/system/libdispatch.dylib
0x00007ff8044a9000 	/usr/lib/system/libdyld.dylib
0x00007ff80f201000 	/usr/lib/system/libkeymgr.dylib
0x00007ff80f1a4000 	/usr/lib/system/libmacho.dylib
0x00007ff80e834000 	/usr/lib/system/libquarantine.dylib
0x00007ff80f1ff000 	/usr/lib/system/libremovefile.dylib
0x00007ff80940d000 	/usr/lib/system/libsystem_asl.dylib
0x00007ff8041d9000 	/usr/lib/system/libsystem_blocks.dylib
0x00007ff80436e000 	/usr/lib/system/libsystem_c.dylib
0x00007ff80f1f7000 	/usr/lib/system/libsystem_collections.dylib
0x00007ff80dadc000 	/usr/lib/system/libsystem_configuration.dylib
0x00007ff80cd9d000 	/usr/lib/system/libsystem_containermanager.dylib
0x00007ff80eee1000 	/usr/lib/system/libsystem_coreservices.dylib
0x00007ff806ad3000 	/usr/lib/system/libsystem_darwin.dylib
0x00007ff80f202000 	/usr/lib/system/libsystem_dnssd.dylib
0x00007ff80436b000 	/usr/lib/system/libsystem_featureflags.dylib
0x00007ff8044bf000 	/usr/lib/system/libsystem_info.dylib
0x00007ff80f142000 	/usr/lib/system/libsystem_m.dylib
0x00007ff8042be000 	/usr/lib/system/libsystem_malloc.dylib
0x00007ff8093aa000 	/usr/lib/system/libsystem_networkextension.dylib
0x00007ff806efb000 	/usr/lib/system/libsystem_notify.dylib
0x00007ff81537e000 	/usr/lib/system/libsystem_product_info_filter.dylib
0x00007ff80dae0000 	/usr/lib/system/libsystem_sandbox.dylib
0x00007ff80f1fc000 	/usr/lib/system/libsystem_secinit.dylib
0x00007ff804466000 	/usr/lib/system/libsystem_kernel.dylib
0x00007ff8044b5000 	/usr/lib/system/libsystem_platform.dylib
0x00007ff80449d000 	/usr/lib/system/libsystem_pthread.dylib
0x00007ff80ac62000 	/usr/lib/system/libsystem_symptoms.dylib
0x00007ff804212000 	/usr/lib/system/libsystem_trace.dylib
0x00007ff80f1d2000 	/usr/lib/system/libunwind.dylib
0x00007ff8041db000 	/usr/lib/system/libxpc.dylib
0x00007ff804450000 	/usr/lib/libc++abi.dylib
0x00007ff80f1dd000 	/usr/lib/liboah.dylib
0x00007ff80f96a000 	/usr/lib/liblzma.5.dylib
0x00007ff805081000 	/System/Library/Frameworks/SystemConfiguration.framework/Versions/A/SystemConfiguration
0x00007ff80f211000 	/usr/lib/libfakelink.dylib
0x00007ff808f13000 	/System/Library/Frameworks/CFNetwork.framework/Versions/A/CFNetwork
0x00007ff80f350000 	/usr/lib/libarchive.2.dylib
0x00007ff80dae7000 	/System/Library/PrivateFrameworks/AppleSystemInfo.framework/Versions/A/AppleSystemInfo
0x00007ff80e85b000 	/usr/lib/libbsm.0.dylib
0x00007ff808549000 	/usr/lib/libnetwork.dylib
0x00007ff80f1aa000 	/usr/lib/system/libkxld.dylib
0x00007ff80e489000 	/System/Library/PrivateFrameworks/IOMobileFramebuffer.framework/Versions/A/IOMobileFramebuffer
0x00007ffb19f03000 	/usr/lib/libCoreEntitlements.dylib
0x00007ff80eec3000 	/System/Library/PrivateFrameworks/AppleFSCompression.framework/Versions/A/AppleFSCompression
0x00007ff80e843000 	/usr/lib/libcoretls.dylib
0x00007ff80f984000 	/usr/lib/libcoretls_cfhelpers.dylib
0x00007ff80f494000 	/usr/lib/libpam.2.dylib
0x00007ff80a884000 	/usr/lib/libsqlite3.dylib
0x00007ff80f9f3000 	/usr/lib/libxar.1.dylib
0x00007ff80eed3000 	/usr/lib/libbz2.1.0.dylib
0x00007ff80f216000 	/usr/lib/libpcap.A.dylib
0x00007ff80ac59000 	/usr/lib/libdns_services.dylib
0x00007ff80f463000 	/usr/lib/libapple_nghttp2.dylib
0x00007ff80f24d000 	/usr/lib/libiconv.2.dylib
0x00007ff80f1a3000 	/usr/lib/libcharset.1.dylib
0x00007ff80bb80000 	/System/Library/Frameworks/CoreServices.framework/Versions/A/Frameworks/FSEvents.framework/Versions/A/FSEvents
0x00007ff806add000 	/System/Library/Frameworks/CoreServices.framework/Versions/A/Frameworks/CarbonCore.framework/Versions/A/CarbonCore
0x00007ff80ae9c000 	/System/Library/Frameworks/CoreServices.framework/Versions/A/Frameworks/Metadata.framework/Versions/A/Metadata
0x00007ff80eee6000 	/System/Library/Frameworks/CoreServices.framework/Versions/A/Frameworks/OSServices.framework/Versions/A/OSServices
0x00007ff80f3d7000 	/System/Library/Frameworks/CoreServices.framework/Versions/A/Frameworks/SearchKit.framework/Versions/A/SearchKit
0x00007ff80abeb000 	/System/Library/Frameworks/CoreServices.framework/Versions/A/Frameworks/AE.framework/Versions/A/AE
0x00007ff8049ed000 	/System/Library/Frameworks/CoreServices.framework/Versions/A/Frameworks/LaunchServices.framework/Versions/A/LaunchServices
0x00007ff80f91b000 	/System/Library/Frameworks/CoreServices.framework/Versions/A/Frameworks/DictionaryServices.framework/Versions/A/DictionaryServices
0x00007ff80bb8d000 	/System/Library/Frameworks/CoreServices.framework/Versions/A/Frameworks/SharedFileList.framework/Versions/A/SharedFileList
0x00007ff80e837000 	/usr/lib/libCheckFix.dylib
0x00007ff809424000 	/System/Library/PrivateFrameworks/TCC.framework/Versions/A/TCC
0x00007ff80daed000 	/System/Library/PrivateFrameworks/CoreNLP.framework/Versions/A/CoreNLP
0x00007ff80ae4c000 	/System/Library/PrivateFrameworks/MetadataUtilities.framework/Versions/A/MetadataUtilities
0x00007ff805131000 	/usr/lib/libmecabra.dylib
0x00007ff80e86b000 	/usr/lib/libmecab.dylib
0x00007ff8050fc000 	/usr/lib/libCRFSuite.dylib
0x00007ff80e8c8000 	/usr/lib/libgermantok.dylib
0x00007ff80f43e000 	/usr/lib/libThaiTokenizer.dylib
0x00007ff80af3e000 	/System/Library/Frameworks/Accelerate.framework/Versions/A/Frameworks/vImage.framework/Versions/A/vImage
0x00007ff815480000 	/System/Library/Frameworks/Accelerate.framework/Versions/A/Frameworks/vecLib.framework/Versions/A/vecLib
0x00007ff80fa34000 	/System/Library/Frameworks/Accelerate.framework/Versions/A/Frameworks/vecLib.framework/Versions/A/libvMisc.dylib
0x00007ff80e2a7000 	/System/Library/Frameworks/Accelerate.framework/Versions/A/Frameworks/vecLib.framework/Versions/A/libvDSP.dylib
0x00007ff804d65000 	/System/Library/Frameworks/Accelerate.framework/Versions/A/Frameworks/vecLib.framework/Versions/A/libBLAS.dylib
0x00007ff80f575000 	/System/Library/Frameworks/Accelerate.framework/Versions/A/Frameworks/vecLib.framework/Versions/A/libLAPACK.dylib
0x00007ff80e8cb000 	/System/Library/Frameworks/Accelerate.framework/Versions/A/Frameworks/vecLib.framework/Versions/A/libLinearAlgebra.dylib
0x00007ff80f47c000 	/System/Library/Frameworks/Accelerate.framework/Versions/A/Frameworks/vecLib.framework/Versions/A/libSparseBLAS.dylib
0x00007ff80f56f000 	/System/Library/Frameworks/Accelerate.framework/Versions/A/Frameworks/vecLib.framework/Versions/A/libQuadrature.dylib
0x00007ff80dbd7000 	/System/Library/Frameworks/Accelerate.framework/Versions/A/Frameworks/vecLib.framework/Versions/A/libBNNS.dylib
0x00007ff805012000 	/System/Library/Frameworks/Accelerate.framework/Versions/A/Frameworks/vecLib.framework/Versions/A/libSparse.dylib
0x00007ff80dbd0000 	/System/Library/PrivateFrameworks/LinguisticData.framework/Versions/A/LinguisticData
0x00007ff804fc7000 	/System/Library/PrivateFrameworks/Lexicon.framework/Versions/A/Lexicon
0x00007ff80fa2d000 	/usr/lib/libChineseTokenizer.dylib
0x00007ff80572b000 	/System/Library/PrivateFrameworks/LanguageModeling.framework/Versions/A/LanguageModeling
0x00007ff80f440000 	/System/Library/PrivateFrameworks/AppleSauce.framework/Versions/A/AppleSauce
0x00007ff80e477000 	/System/Library/PrivateFrameworks/CoreEmoji.framework/Versions/A/CoreEmoji
0x00007ff80f33f000 	/usr/lib/libcmph.dylib
0x00007ff80bb64000 	/System/Library/Frameworks/OpenDirectory.framework/Versions/A/Frameworks/CFOpenDirectory.framework/Versions/A/CFOpenDirectory
0x00007ff80bb58000 	/System/Library/Frameworks/OpenDirectory.framework/Versions/A/OpenDirectory
0x00007ff80f986000 	/System/Library/PrivateFrameworks/APFS.framework/Versions/A/APFS
0x00007ff80e798000 	/System/Library/Frameworks/SecurityFoundation.framework/Versions/A/SecurityFoundation
0x00007ff80fa01000 	/usr/lib/libutil.dylib
0x00007ff806e08000 	/System/Library/PrivateFrameworks/CoreServicesStore.framework/Versions/A/CoreServicesStore
0x00007ff80fa05000 	/usr/lib/libxslt.1.dylib
0x00007ff80e825000 	/System/Library/PrivateFrameworks/BackgroundTaskManagement.framework/Versions/A/BackgroundTaskManagement
0x00007ff810e75000 	/System/Library/Frameworks/ImageIO.framework/Versions/A/Resources/libRadiance.dylib
0x00007ff810e7e000 	/System/Library/Frameworks/ImageIO.framework/Versions/A/Resources/libJPEG.dylib
0x00007ff810dce000 	/System/Library/Frameworks/ImageIO.framework/Versions/A/Resources/libPng.dylib
0x00007ff810def000 	/System/Library/Frameworks/ImageIO.framework/Versions/A/Resources/libTIFF.dylib
0x00007ff810ede000 	/System/Library/Frameworks/ImageIO.framework/Versions/A/Resources/libGIF.dylib
0x00007ff8106ff000 	/System/Library/Frameworks/ImageIO.framework/Versions/A/Resources/libJP2.dylib
0x00007ff80fe41000 	/usr/lib/libexpat.1.dylib
0x00007ff8106b4000 	/System/Library/PrivateFrameworks/AppleJPEG.framework/Versions/A/AppleJPEG
0x00007ff80d030000 	/System/Library/PrivateFrameworks/FontServices.framework/libFontParser.dylib
0x00007ff80ab95000 	/System/Library/PrivateFrameworks/RunningBoardServices.framework/Versions/A/RunningBoardServices
0x00007ff81b64e000 	/System/Library/PrivateFrameworks/IOSurfaceAccelerator.framework/Versions/A/IOSurfaceAccelerator
0x00007ff8107e2000 	/System/Library/PrivateFrameworks/WatchdogClient.framework/Versions/A/WatchdogClient
0x00007ff80581a000 	/System/Library/Frameworks/CoreDisplay.framework/Versions/A/CoreDisplay
0x00007ff80cf2f000 	/System/Library/Frameworks/CoreMedia.framework/Versions/A/CoreMedia
0x00007ff80cdcc000 	/System/Library/PrivateFrameworks/IOAccelerator.framework/Versions/A/IOAccelerator
0x00007ff80bce0000 	/System/Library/Frameworks/CoreVideo.framework/Versions/A/CoreVideo
0x00007ff80f492000 	/System/Library/Frameworks/MetalPerformanceShaders.framework/Versions/A/MetalPerformanceShaders
0x00007ff81081d000 	/System/Library/Frameworks/VideoToolbox.framework/Versions/A/VideoToolbox
0x00007ff80aadd000 	/System/Library/PrivateFrameworks/BaseBoard.framework/Versions/A/BaseBoard
0x00007ff80a86a000 	/System/Library/PrivateFrameworks/ProtocolBuffer.framework/Versions/A/ProtocolBuffer
0x00007ff810e6e000 	/System/Library/PrivateFrameworks/GPUWrangler.framework/Versions/A/GPUWrangler
0x00007ff810e51000 	/System/Library/PrivateFrameworks/IOPresentment.framework/Versions/A/IOPresentment
0x00007ff810e78000 	/System/Library/PrivateFrameworks/DSExternalDisplay.framework/Versions/A/DSExternalDisplay
0x00007ffa1c149000 	/System/Library/Frameworks/OpenGL.framework/Versions/A/Libraries/libCoreFSCache.dylib
0x00007ffb081ed000 	/System/Library/PrivateFrameworks/GPUCompiler.framework/Versions/31001/Libraries/libGPUCompilerUtils.dylib
0x00007ff810ee3000 	/System/Library/PrivateFrameworks/CMCaptureCore.framework/Versions/A/CMCaptureCore
0x00007ff8103ed000 	/System/Library/PrivateFrameworks/AppServerSupport.framework/Versions/A/AppServerSupport
0x00007ff8125ca000 	/System/Library/PrivateFrameworks/perfdata.framework/Versions/A/perfdata
0x00007ff805946000 	/System/Library/PrivateFrameworks/AudioToolboxCore.framework/Versions/A/AudioToolboxCore
0x00007ff80cf0c000 	/System/Library/PrivateFrameworks/caulk.framework/Versions/A/caulk
0x00007ff811eee000 	/usr/lib/libAudioStatistics.dylib
0x00007ff90921b000 	/System/Library/PrivateFrameworks/SystemPolicy.framework/Versions/A/SystemPolicy
0x00007ff812143000 	/usr/lib/libSMC.dylib
0x00007ff81af87000 	/System/Library/Frameworks/CoreMIDI.framework/Versions/A/CoreMIDI
0x00007ff810d9e000 	/usr/lib/libAudioToolboxUtility.dylib
0x00007ff90562d000 	/System/Library/PrivateFrameworks/OSAServicesClient.framework/Versions/A/OSAServicesClient
0x00007ff8125d7000 	/usr/lib/libperfcheck.dylib
0x00007ff909cad000 	/usr/lib/libmis.dylib
0x00007ffa1c1a5000 	/System/Library/Frameworks/OpenGL.framework/Versions/A/Libraries/libGLU.dylib
0x00007ffa1c168000 	/System/Library/Frameworks/OpenGL.framework/Versions/A/Libraries/libGFXShared.dylib
0x00007ffa1c376000 	/System/Library/Frameworks/OpenGL.framework/Versions/A/Libraries/libGL.dylib
0x00007ffa1c171000 	/System/Library/Frameworks/OpenGL.framework/Versions/A/Libraries/libGLImage.dylib
0x00007ffa1c165000 	/System/Library/Frameworks/OpenGL.framework/Versions/A/Libraries/libCVMSPluginSupport.dylib
0x00007ffa1c150000 	/System/Library/Frameworks/OpenGL.framework/Versions/A/Libraries/libCoreVMClient.dylib
0x00007ff80da6b000 	/System/Library/Frameworks/MetalPerformanceShaders.framework/Versions/A/Frameworks/MPSCore.framework/Versions/A/MPSCore
0x00007ff80ee2e000 	/System/Library/Frameworks/MetalPerformanceShaders.framework/Versions/A/Frameworks/MPSImage.framework/Versions/A/MPSImage
0x00007ff80e8e1000 	/System/Library/Frameworks/MetalPerformanceShaders.framework/Versions/A/Frameworks/MPSNeuralNetwork.framework/Versions/A/MPSNeuralNetwork
0x00007ff80ed56000 	/System/Library/Frameworks/MetalPerformanceShaders.framework/Versions/A/Frameworks/MPSMatrix.framework/Versions/A/MPSMatrix
0x00007ff80eb12000 	/System/Library/Frameworks/MetalPerformanceShaders.framework/Versions/A/Frameworks/MPSRayIntersector.framework/Versions/A/MPSRayIntersector
0x00007ff80ed8f000 	/System/Library/Frameworks/MetalPerformanceShaders.framework/Versions/A/Frameworks/MPSNDArray.framework/Versions/A/MPSNDArray
0x00007ffa20d67000 	/System/Library/Frameworks/MetalPerformanceShaders.framework/Versions/A/Frameworks/MPSFunctions.framework/Versions/A/MPSFunctions
0x00007ff804c48000 	/System/Library/PrivateFrameworks/MetalTools.framework/Versions/A/MetalTools
0x00007ff80dae5000 	/System/Library/PrivateFrameworks/AggregateDictionary.framework/Versions/A/AggregateDictionary
0x00007ff80fc23000 	/usr/lib/libIOReport.dylib
0x00007ffa1d785000 	/System/Library/Frameworks/OpenCL.framework/Versions/A/OpenCL
0x00007ff80ff87000 	/System/Library/PrivateFrameworks/FaceCore.framework/Versions/A/FaceCore
0x00007ff80ff78000 	/System/Library/PrivateFrameworks/GraphVisualizer.framework/Versions/A/GraphVisualizer
0x00007ffb080f8000 	/System/Library/PrivateFrameworks/FontServices.framework/Versions/A/FontServices
0x00007ff8103a4000 	/System/Library/PrivateFrameworks/OTSVG.framework/Versions/A/OTSVG
0x00007ff80b8c8000 	/System/Library/Frameworks/ApplicationServices.framework/Versions/A/Frameworks/ATS.framework/Versions/A/Resources/libFontRegistry.dylib
0x00007ff8103f5000 	/System/Library/PrivateFrameworks/FontServices.framework/libhvf.dylib
0x00007ffb080f9000 	/System/Library/PrivateFrameworks/FontServices.framework/libXTFontStaticRegistryData.dylib
0x00007ff80fdf1000 	/System/Library/PrivateFrameworks/AppleVA.framework/Versions/A/AppleVA
0x00007ff811f12000 	/System/Library/Frameworks/ApplicationServices.framework/Versions/A/Frameworks/ATS.framework/Versions/A/ATS
0x00007ff809f98000 	/System/Library/Frameworks/ApplicationServices.framework/Versions/A/Frameworks/HIServices.framework/Versions/A/HIServices
0x00007ff810eed000 	/System/Library/Frameworks/ApplicationServices.framework/Versions/A/Frameworks/PrintCore.framework/Versions/A/PrintCore
0x00007ff812296000 	/System/Library/Frameworks/ApplicationServices.framework/Versions/A/Frameworks/QD.framework/Versions/A/QD
0x00007ff81228e000 	/System/Library/Frameworks/ApplicationServices.framework/Versions/A/Frameworks/ColorSyncLegacy.framework/Versions/A/ColorSyncLegacy
0x00007ff811f02000 	/System/Library/Frameworks/ApplicationServices.framework/Versions/A/Frameworks/SpeechSynthesis.framework/Versions/A/SpeechSynthesis
0x00007ff810eae000 	/System/Library/Frameworks/ApplicationServices.framework/Versions/A/Frameworks/ATSUI.framework/Versions/A/ATSUI
0x00007ff812223000 	/usr/lib/libcups.2.dylib
0x00007ff8125e6000 	/System/Library/Frameworks/Kerberos.framework/Versions/A/Kerberos
0x00007ff8125f5000 	/System/Library/Frameworks/GSS.framework/Versions/A/GSS
0x00007ff811f7e000 	/usr/lib/libresolv.9.dylib
0x00007ff810404000 	/System/Library/PrivateFrameworks/Heimdal.framework/Versions/A/Heimdal
0x00007ff8190de000 	/System/Library/Frameworks/Kerberos.framework/Versions/A/Libraries/libHeimdalProxy.dylib
0x00007ff80ac6a000 	/System/Library/Frameworks/Network.framework/Versions/A/Network
0x00007ff80fe5b000 	/usr/lib/libheimdal-asn1.dylib
0x00007ff812641000 	/System/Library/PrivateFrameworks/CommonAuth.framework/Versions/A/CommonAuth
0x00007ff811e7f000 	/System/Library/PrivateFrameworks/AudioSession.framework/Versions/A/AudioSession
0x00007ff80feeb000 	/System/Library/PrivateFrameworks/MediaExperience.framework/Versions/A/MediaExperience
0x00007ff811d13000 	/System/Library/PrivateFrameworks/AudioSession.framework/libSessionUtility.dylib
0x00007ff8122a2000 	/System/Library/PrivateFrameworks/AudioResourceArbitration.framework/Versions/A/AudioResourceArbitration
0x00007ff816293000 	/System/Library/PrivateFrameworks/PowerLog.framework/Versions/A/PowerLog
0x00007ff80fe64000 	/System/Library/PrivateFrameworks/IconFoundation.framework/Versions/A/IconFoundation
0x00007ff8150ad000 	/System/Library/PrivateFrameworks/SpeechRecognitionCore.framework/Versions/A/SpeechRecognitionCore
0x0000000101f30000 	/Library/Java/JavaVirtualMachines/jdk1.8.0_172.jdk/Contents/Home/jre/lib/server/libjvm.dylib
0x00007ffb1a999000 	/usr/lib/libstdc++.6.dylib
0x0000000100fbe000 	/Library/Java/JavaVirtualMachines/jdk1.8.0_172.jdk/Contents/Home/jre/lib/libverify.dylib
0x0000000101002000 	/Library/Java/JavaVirtualMachines/jdk1.8.0_172.jdk/Contents/Home/jre/lib/libjava.dylib
0x0000000101038000 	/Library/Java/JavaVirtualMachines/jdk1.8.0_172.jdk/Contents/Home/jre/lib/libinstrument.dylib
0x0000000100fd5000 	/Library/Java/JavaVirtualMachines/jdk1.8.0_172.jdk/Contents/Home/jre/lib/libzip.dylib
0x0000000106c1b000 	/Library/Java/JavaVirtualMachines/jdk1.8.0_172.jdk/Contents/Home/jre/lib/libnet.dylib
0x0000000106cc8000 	/Library/Java/JavaVirtualMachines/jdk1.8.0_172.jdk/Contents/Home/jre/lib/libprism_es2.dylib
0x00007ff806dc9000 	/System/Library/PrivateFrameworks/CoreServicesInternal.framework/Versions/A/CoreServicesInternal
0x00007ffa1c381000 	/System/Library/Frameworks/OpenGL.framework/Versions/A/Resources/GLEngine.bundle/GLEngine
0x00007ffa1c1e3000 	/System/Library/Frameworks/OpenGL.framework/Versions/A/Libraries/libGLProgrammability.dylib
0x0000000106f63000 	/System/Library/Extensions/AMDRadeonX4000GLDriver.bundle/Contents/MacOS/AMDRadeonX4000GLDriver
0x00007ff913b76000 	/System/Library/PrivateFrameworks/GPUSupport.framework/Versions/A/Libraries/libGPUSupportMercury.dylib
0x00007ffa1f3e4000 	/System/Library/Extensions/AMDRadeonX4000GLDriver.bundle/Contents/MacOS/ATIRadeonX4000SCLib.dylib
0x00007ffa0ece4000 	/System/Library/Extensions/AMDShared.bundle/Contents/PlugIns/libSC.dylib
0x00007ffa1c510000 	/System/Library/Frameworks/OpenGL.framework/Versions/A/Resources/GLRendererFloat.bundle/GLRendererFloat
0x0000000106e7b000 	/Library/Java/JavaVirtualMachines/jdk1.8.0_172.jdk/Contents/Home/jre/lib/libglass.dylib
0x00007ff816884000 	/System/Library/Frameworks/FileProvider.framework/Versions/A/FileProvider
0x00007ff80aa49000 	/System/Library/Frameworks/Accounts.framework/Versions/A/Accounts
0x00007ff8169fb000 	/System/Library/PrivateFrameworks/GenerationalStorage.framework/Versions/A/GenerationalStorage
0x00007ff81750d000 	/System/Library/PrivateFrameworks/CoreSymbolication.framework/Versions/A/CoreSymbolication
0x00007ff816288000 	/System/Library/PrivateFrameworks/SymptomDiagnosticReporter.framework/Versions/A/SymptomDiagnosticReporter
0x00007ff80808a000 	/System/Library/PrivateFrameworks/DesktopServicesPriv.framework/Versions/A/DesktopServicesPriv
0x00007ff806f0a000 	/usr/lib/libsandbox.1.dylib
0x00007ff80bd5f000 	/System/Library/PrivateFrameworks/UserManagement.framework/Versions/A/UserManagement
0x00007ff8174d2000 	/System/Library/PrivateFrameworks/DebugSymbols.framework/Versions/A/DebugSymbols
0x00007ff812283000 	/System/Library/PrivateFrameworks/NetAuth.framework/Versions/A/NetAuth
0x00007ff813171000 	/System/Library/PrivateFrameworks/Sharing.framework/Versions/A/Sharing
0x00007ff80bd32000 	/System/Library/PrivateFrameworks/login.framework/Versions/A/Frameworks/loginsupport.framework/Versions/A/loginsupport
0x00007ff818612000 	/System/Library/PrivateFrameworks/Apple80211.framework/Versions/A/Apple80211
0x00007ff80ef13000 	/System/Library/PrivateFrameworks/AuthKit.framework/Versions/A/AuthKit
0x00007ff80e56d000 	/System/Library/PrivateFrameworks/CoreUtils.framework/Versions/A/CoreUtils
0x00007ff80e494000 	/System/Library/Frameworks/CoreWLAN.framework/Versions/A/CoreWLAN
0x00007ff8132cc000 	/System/Library/Frameworks/IOBluetooth.framework/Versions/A/IOBluetooth
0x00007ff81867a000 	/System/Library/PrivateFrameworks/CoreWiFi.framework/Versions/A/CoreWiFi
0x00007ff8170a7000 	/System/Library/PrivateFrameworks/FrontBoardServices.framework/Versions/A/FrontBoardServices
0x00007ff817139000 	/System/Library/PrivateFrameworks/BoardServices.framework/Versions/A/BoardServices
0x00007ff80e787000 	/System/Library/PrivateFrameworks/AssertionServices.framework/Versions/A/AssertionServices
0x00007ff8187fe000 	/System/Library/PrivateFrameworks/BackBoardServices.framework/Versions/A/BackBoardServices
0x00007ff8126d0000 	/System/Library/PrivateFrameworks/CorePhoneNumbers.framework/Versions/A/CorePhoneNumbers
0x00007ff8163a5000 	/System/Library/PrivateFrameworks/DiskManagement.framework/Versions/A/DiskManagement
0x00007ff8162b9000 	/System/Library/PrivateFrameworks/AppleIDAuthSupport.framework/Versions/A/AppleIDAuthSupport
0x00007ffa22cfd000 	/System/Library/PrivateFrameworks/AAAFoundation.framework/Versions/A/AAAFoundation
0x00007ff8126b1000 	/System/Library/PrivateFrameworks/KeychainCircle.framework/Versions/A/KeychainCircle
0x00007ff816371000 	/System/Library/PrivateFrameworks/MediaKit.framework/Versions/A/MediaKit
0x00007ff8162c5000 	/System/Library/Frameworks/DiscRecording.framework/Versions/A/DiscRecording
0x00007ff80fd69000 	/usr/lib/libCoreStorage.dylib
0x00007ff818aed000 	/usr/lib/libcsfde.dylib
0x00007ff813399000 	/System/Library/PrivateFrameworks/ProtectedCloudStorage.framework/Versions/A/ProtectedCloudStorage
0x00007ff818ae9000 	/System/Library/PrivateFrameworks/EFILogin.framework/Versions/A/EFILogin
0x00007ff816a21000 	/System/Library/PrivateFrameworks/OctagonTrust.framework/Versions/A/OctagonTrust
0x00007ffb0741a000 	/System/Library/PrivateFrameworks/CoreUtilsExtras.framework/Versions/A/CoreUtilsExtras
0x00007ff8161fb000 	/System/Library/Frameworks/CoreBluetooth.framework/Versions/A/CoreBluetooth
0x00007ff819163000 	/System/Library/Frameworks/AudioUnit.framework/Versions/A/AudioUnit
0x00007ff80fd61000 	/usr/lib/libMatch.1.dylib
0x00007ff90e0fc000 	/System/Library/Frameworks/Accelerate.framework/Versions/A/Frameworks/vImage.framework/Versions/A/Libraries/libCGInterfaces.dylib
0x0000000109186000 	/usr/lib/libobjc-trampolines.dylib
0x00007ff81b656000 	/System/Library/PrivateFrameworks/FamilyControls.framework/Versions/A/FamilyControls
0x00007ff81b67a000 	/System/Library/PrivateFrameworks/CommerceKit.framework/Versions/A/Frameworks/CommerceCore.framework/Versions/A/CommerceCore
0x00007ff815778000 	/System/Library/PrivateFrameworks/SystemAdministration.framework/Versions/A/SystemAdministration
0x00007ff813380000 	/System/Library/PrivateFrameworks/AppContainer.framework/Versions/A/AppContainer
0x00007ff813395000 	/System/Library/PrivateFrameworks/SecCodeWrapper.framework/Versions/A/SecCodeWrapper
0x00007ff80fc2b000 	/System/Library/PrivateFrameworks/CrashReporterSupport.framework/Versions/A/CrashReporterSupport
0x00007ff915a69000 	/System/Library/PrivateFrameworks/OSAnalytics.framework/Versions/A/OSAnalytics
0x00007ff920a02000 	/System/Library/PrivateFrameworks/Symbolication.framework/Versions/A/Symbolication
0x00007ff909c8a000 	/System/Library/PrivateFrameworks/MallocStackLogging.framework/Versions/A/MallocStackLogging
0x00007ff8104be000 	/System/Library/PrivateFrameworks/login.framework/Versions/A/login
0x00007ff811115000 	/System/Library/Frameworks/MediaToolbox.framework/Versions/A/MediaToolbox
0x00007ff815079000 	/System/Library/Frameworks/DirectoryService.framework/Versions/A/DirectoryService
0x00007ff81898b000 	/System/Library/PrivateFrameworks/DiskImages.framework/Versions/A/DiskImages
0x00007ff80e82f000 	/System/Library/Frameworks/ServiceManagement.framework/Versions/A/ServiceManagement
0x00007ff818b65000 	/System/Library/PrivateFrameworks/LoginUIKit.framework/Versions/A/Frameworks/LoginUICore.framework/Versions/A/LoginUICore
0x00007ff81066c000 	/usr/lib/libodfde.dylib
0x00007ff816854000 	/System/Library/PrivateFrameworks/CoreAVCHD.framework/Versions/A/CoreAVCHD
0x00007ff81573c000 	/System/Library/Frameworks/MediaAccessibility.framework/Versions/A/MediaAccessibility
0x00007ff816850000 	/System/Library/PrivateFrameworks/Mangrove.framework/Versions/A/Mangrove
0x00007ff815747000 	/System/Library/PrivateFrameworks/AlgosScoreFramework.framework/Versions/A/AlgosScoreFramework
0x00007ffb04866000 	/System/Library/PrivateFrameworks/CMPhoto.framework/Versions/A/CMPhoto
0x00007ff8173a8000 	/System/Library/PrivateFrameworks/AppleVPA.framework/Versions/A/AppleVPA
0x00007ff816495000 	/System/Library/PrivateFrameworks/CoreAUC.framework/Versions/A/CoreAUC
0x00007ff818af9000 	/usr/lib/libcurl.4.dylib
0x00007ff818856000 	/usr/lib/libcrypto.44.dylib
0x00007ff81895e000 	/usr/lib/libssl.46.dylib
0x00007ff81881c000 	/System/Library/Frameworks/LDAP.framework/Versions/A/LDAP
0x00007ff818854000 	/System/Library/PrivateFrameworks/TrustEvaluationAgent.framework/Versions/A/TrustEvaluationAgent
0x00007ff811f97000 	/usr/lib/libsasl2.2.dylib
0x00007ff81576c000 	/System/Library/PrivateFrameworks/CoreDaemon.framework/Versions/B/CoreDaemon
0x00007ff815767000 	/System/Library/PrivateFrameworks/AppleSRP.framework/Versions/A/AppleSRP
0x00007ff80ba58000 	/System/Library/PrivateFrameworks/ViewBridge.framework/Versions/A/ViewBridge
0x0000000109ac8000 	/Library/Java/JavaVirtualMachines/jdk1.8.0_172.jdk/Contents/Home/jre/lib/libjavafx_font.dylib
0x00007ffb1a011000 	/usr/lib/libRosetta.dylib
0x0000000127723000 	/Library/Java/JavaVirtualMachines/jdk1.8.0_172.jdk/Contents/Home/jre/lib/libprism_common.dylib

VM Arguments:
jvm_args: -javaagent:/Applications/IntelliJ IDEA CE.app/Contents/lib/idea_rt.jar=59154:/Applications/IntelliJ IDEA CE.app/Contents/bin -Dfile.encoding=UTF-8 
java_command: chapter_36.WorldClockApp
java_class_path (initial): /Library/Java/JavaVirtualMachines/jdk1.8.0_172.jdk/Contents/Home/jre/lib/charsets.jar:/Library/Java/JavaVirtualMachines/jdk1.8.0_172.jdk/Contents/Home/jre/lib/deploy.jar:/Library/Java/JavaVirtualMachines/jdk1.8.0_172.jdk/Contents/Home/jre/lib/ext/cldrdata.jar:/Library/Java/JavaVirtualMachines/jdk1.8.0_172.jdk/Contents/Home/jre/lib/ext/dnsns.jar:/Library/Java/JavaVirtualMachines/jdk1.8.0_172.jdk/Contents/Home/jre/lib/ext/jaccess.jar:/Library/Java/JavaVirtualMachines/jdk1.8.0_172.jdk/Contents/Home/jre/lib/ext/jfxrt.jar:/Library/Java/JavaVirtualMachines/jdk1.8.0_172.jdk/Contents/Home/jre/lib/ext/localedata.jar:/Library/Java/JavaVirtualMachines/jdk1.8.0_172.jdk/Contents/Home/jre/lib/ext/nashorn.jar:/Library/Java/JavaVirtualMachines/jdk1.8.0_172.jdk/Contents/Home/jre/lib/ext/sunec.jar:/Library/Java/JavaVirtualMachines/jdk1.8.0_172.jdk/Contents/Home/jre/lib/ext/sunjce_provider.jar:/Library/Java/JavaVirtualMachines/jdk1.8.0_172.jdk/Contents/Home/jre/lib/ext/sunpkcs11.jar:/Library/Java/JavaVirtualMachines/jdk1.8.0_172.jdk/Contents/Home/jre/lib/ext/zipfs.jar:/Library/Java/JavaVirtualMachines/jdk1.8.0_172.jdk/Contents/Home/jre/lib/javaws.jar:/Library/Java/JavaVirtualMachines/jdk1.8.0_172.jdk/Contents/Home/jre/lib/jce.jar:/Library/Java/JavaVirtualMachines/jdk1.8.0_172.jdk/Contents/Home/jre/lib/jfr.jar:/Library/Java/JavaVirtualMachines/jdk1.8.0_172.jdk/Contents/Home/jre/lib/jfxswt.jar:/Library/Java/JavaVirtualMachines/jdk1.8.0_172.jdk/Contents/Home/jre/lib/jsse.jar:/Library/Java/JavaVirtualMachines/jdk1.8.0_172.jdk/Contents/Home/jre/lib/management-agent.jar:/Library/Java/JavaVirtualMachines/jdk1.8.0_172.jdk/Contents/Home/jre/lib/plugin.jar:/Library/Java/JavaVirtualMachines/jdk1.8.0_172.jdk/Contents/Home/jre/lib/resources.jar:/Library/Java/JavaVirtualMachines/jdk1.8.0_172.jdk/Contents/Home/jre/lib/rt.jar:/Library/Java/JavaVirtualMachines/jdk1.8.0_172.jdk/Contents/Home/lib/ant-javafx.jar:/Library/Java/JavaVirtualMachines/jdk1.8.0_172.jdk/Contents/Home
Launcher Type: SUN_STANDARD

Environment Variables:
PATH=/usr/local/bin:/usr/bin:/bin:/usr/sbin:/sbin:/Library/Apple/usr/bin:/Library/Frameworks/Mono.framework/Versions/Current/Commands
SHELL=/bin/zsh

Signal Handlers:
SIGSEGV: [libjvm.dylib+0x5b6fd9], sa_mask[0]=11111111011111110111111111111111, sa_flags=SA_ONSTACK|SA_RESTART|SA_SIGINFO
SIGBUS: [libjvm.dylib+0x5b6fd9], sa_mask[0]=11111111011111110111111111111111, sa_flags=SA_RESTART|SA_SIGINFO
SIGFPE: [libjvm.dylib+0x48c8e8], sa_mask[0]=11111111011111110111111111111111, sa_flags=SA_RESTART|SA_SIGINFO
SIGPIPE: [libjvm.dylib+0x48c8e8], sa_mask[0]=11111111011111110111111111111111, sa_flags=SA_RESTART|SA_SIGINFO
SIGXFSZ: [libjvm.dylib+0x48c8e8], sa_mask[0]=11111111011111110111111111111111, sa_flags=SA_RESTART|SA_SIGINFO
SIGILL: [libjvm.dylib+0x48c8e8], sa_mask[0]=11111111011111110111111111111111, sa_flags=SA_RESTART|SA_SIGINFO
SIGUSR1: SIG_DFL, sa_mask[0]=00000000000000000000000000000000, sa_flags=none
SIGUSR2: [libjvm.dylib+0x48c406], sa_mask[0]=00100000000000000000000000000000, sa_flags=SA_RESTART|SA_SIGINFO
SIGHUP: [libjvm.dylib+0x48a9d1], sa_mask[0]=11111111011111110111111111111111, sa_flags=SA_RESTART|SA_SIGINFO
SIGINT: [libjvm.dylib+0x48a9d1], sa_mask[0]=11111111011111110111111111111111, sa_flags=SA_RESTART|SA_SIGINFO
SIGTERM: [libjvm.dylib+0x48a9d1], sa_mask[0]=11111111011111110111111111111111, sa_flags=SA_RESTART|SA_SIGINFO
SIGQUIT: [libjvm.dylib+0x48a9d1], sa_mask[0]=11111111011111110111111111111111, sa_flags=SA_RESTART|SA_SIGINFO


---------------  S Y S T E M  ---------------

OS:Bsduname:Darwin 21.2.0 Darwin Kernel Version 21.2.0: Sun Nov 28 20:28:54 PST 2021; root:xnu-8019.61.5~1/RELEASE_X86_64 x86_64
rlimit: STACK 8192k, CORE 0k, NPROC 4176, NOFILE 10240, AS infinity
load average:1.96 2.02 2.13

CPU:total 4 (initial active 4) (4 cores per cpu, 1 threads per core) family 6 model 94 stepping 3, cmov, cx8, fxsr, mmx, sse, sse2, sse3, ssse3, sse4.1, sse4.2, popcnt, avx, avx2, aes, clmul, erms, rtm, 3dnowpref, lzcnt, tsc, tscinvbit, bmi1, bmi2, adx

Memory: 4k page, physical 25165824k(1075816k free)

/proc/meminfo:


vm_info: Java HotSpot(TM) 64-Bit Server VM (25.172-b11) for bsd-amd64 JRE (1.8.0_172-b11), built on Mar 28 2018 15:38:02 by "java_re" with gcc 4.2.1 (Based on Apple Inc. build 5658) (LLVM build 2336.11.00)

time: Tue Jan  4 22:09:55 2022
elapsed time: 23 seconds (0d 0h 0m 23s)

